2025-03-11 18:13:08 - ERROR - __main__:47 - stop_bot - Не удалось отправить сообщение админу 344334 об остановке бота: Telegram server says - Bad Request: chat not found 
2025-03-11 18:13:08 - ERROR - __main__:49 - stop_bot - Бот остановлен! 
2025-03-11 18:13:14 - ERROR - __main__:30 - start_bot - Не удалось отправить сообщение админу 344334: Telegram server says - Bad Request: chat not found 
2025-03-11 18:13:14 - INFO - __main__:32 - start_bot - Бот успешно запущен. 
2025-03-11 18:26:02 - ERROR - __main__:47 - stop_bot - Не удалось отправить сообщение админу 344334 об остановке бота: Telegram server says - Bad Request: chat not found 
2025-03-11 18:26:02 - ERROR - __main__:49 - stop_bot - Бот остановлен! 
2025-03-11 18:26:09 - ERROR - __main__:30 - start_bot - Не удалось отправить сообщение админу 344334: Telegram server says - Bad Request: chat not found 
2025-03-11 18:26:09 - INFO - __main__:32 - start_bot - Бот успешно запущен. 
2025-03-11 18:26:11 - INFO - bot.dao.base:57 - find_one_or_none - Поиск одной записи User по фильтрам: {'telegram_id': 439653349} 
2025-03-11 18:26:11 - INFO - bot.dao.base:63 - find_one_or_none - Запись найдена по фильтрам: {'telegram_id': 439653349} 
2025-03-11 18:26:56 - DEBUG - bot.application_form.router:229 - photo_message - Извлек ID фотографии - AgACAgIAAxkBAAILo2fQVkA-4Njs-yrsVgmbB2DWMx7FAAK67DEbQ66JStEDkWCxMW6PAQADAgADeAADNgQ 
2025-03-11 18:26:56 - DEBUG - bot.application_form.router:243 - photo_message - Добавил данные в FSM ['AgACAgIAAxkBAAILo2fQVkA-4Njs-yrsVgmbB2DWMx7FAAK67DEbQ66JStEDkWCxMW6PAQADAgADeAADNgQ'] 
2025-03-11 18:30:34 - DEBUG - bot.application_form.router:605 - video_message - Извлек ID видео - BAACAgIAAxkBAAILq2fQVxpDua5hKIqhlXjwiIa773RaAAJQbQACQ66JSsowUoVvgH9kNgQ 
2025-03-11 18:30:34 - INFO - bot.dao.base:57 - find_one_or_none - Поиск одной записи User по фильтрам: {'telegram_id': 439653349} 
2025-03-11 18:30:34 - INFO - bot.dao.base:63 - find_one_or_none - Запись найдена по фильтрам: {'telegram_id': 439653349} 
2025-03-11 18:30:34 - DEBUG - bot.application_form.router:617 - video_message - Получил id пользователя из базы - <bot.users.models.User object at 0x72406e50a300> 
2025-03-11 18:30:34 - DEBUG - bot.application_form.router:618 - video_message - Получил id пользователя из базы - 39 
2025-03-11 18:30:34 - INFO - bot.dao.base:108 - add - Добавление записи Application с параметрами: {'user_id': 39, 'status': <ApplicationStatus.PENDING: 'pending'>} 
2025-03-11 18:30:34 - ERROR - bot.dao.base:116 - add - Ошибка при добавлении записи: (sqlalchemy.dialects.postgresql.asyncpg.Error) <class 'asyncpg.exceptions.InvalidTextRepresentationError'>: invalid input value for enum applicationstatus: "pending"
[SQL: INSERT INTO applications (user_id, status) VALUES ($1::BIGINT, $2::applicationstatus) RETURNING applications.id, applications.created_at, applications.updated_at]
[parameters: (39, <ApplicationStatus.PENDING: 'pending'>)]
(Background on this error at: https://sqlalche.me/e/20/dbapi) 
2025-03-11 18:30:34 - ERROR - bot.application_form.router:677 - video_message - Ошибка при обработке видео: (sqlalchemy.dialects.postgresql.asyncpg.Error) <class 'asyncpg.exceptions.InvalidTextRepresentationError'>: invalid input value for enum applicationstatus: "pending"
[SQL: INSERT INTO applications (user_id, status) VALUES ($1::BIGINT, $2::applicationstatus) RETURNING applications.id, applications.created_at, applications.updated_at]
[parameters: (39, <ApplicationStatus.PENDING: 'pending'>)]
(Background on this error at: https://sqlalche.me/e/20/dbapi) 
2025-03-11 18:41:18 - ERROR - __main__:47 - stop_bot - Не удалось отправить сообщение админу 344334 об остановке бота: Telegram server says - Bad Request: chat not found 
2025-03-11 18:41:18 - ERROR - __main__:49 - stop_bot - Бот остановлен! 
2025-03-11 18:45:19 - INFO - bot.dao.base:108 - add - Добавление записи Application с параметрами: {'user_id': 12344} 
2025-03-11 18:47:36 - INFO - bot.dao.base:108 - add - Добавление записи Application с параметрами: {'user_id': 12344} 
2025-03-11 18:47:36 - ERROR - bot.dao.base:116 - add - Ошибка при добавлении записи: (sqlalchemy.dialects.postgresql.asyncpg.IntegrityError) <class 'asyncpg.exceptions.NotNullViolationError'>: null value in column "text_application" of relation "applications" violates not-null constraint
DETAIL:  Failing row contains (1, 12344, PENDING, 2025-03-11 18:47:36.243428, 2025-03-11 18:47:36.243428, null, null).
[SQL: INSERT INTO applications (user_id, status) VALUES ($1::BIGINT, $2::applicationstatus) RETURNING applications.id, applications.created_at, applications.updated_at]
[parameters: (12344, 'PENDING')]
(Background on this error at: https://sqlalche.me/e/20/gkpj) 
2025-03-11 18:48:46 - INFO - bot.dao.base:108 - add - Добавление записи Application с параметрами: {'user_id': 12344} 
2025-03-11 18:48:46 - ERROR - bot.dao.base:116 - add - Ошибка при добавлении записи: (sqlalchemy.dialects.postgresql.asyncpg.IntegrityError) <class 'asyncpg.exceptions.ForeignKeyViolationError'>: insert or update on table "applications" violates foreign key constraint "applications_user_id_fkey"
DETAIL:  Key (user_id)=(12344) is not present in table "users".
[SQL: INSERT INTO applications (user_id, status) VALUES ($1::BIGINT, $2::applicationstatus) RETURNING applications.id, applications.created_at, applications.updated_at]
[parameters: (12344, 'PENDING')]
(Background on this error at: https://sqlalche.me/e/20/gkpj) 
2025-03-11 18:52:09 - INFO - bot.dao.base:108 - add - Добавление записи Application с параметрами: {'user_id': 12344} 
2025-03-11 18:52:09 - ERROR - bot.dao.base:116 - add - Ошибка при добавлении записи: (sqlalchemy.dialects.postgresql.asyncpg.IntegrityError) <class 'asyncpg.exceptions.ForeignKeyViolationError'>: insert or update on table "applications" violates foreign key constraint "applications_user_id_fkey"
DETAIL:  Key (user_id)=(12344) is not present in table "users".
[SQL: INSERT INTO applications (user_id, status) VALUES ($1::BIGINT, $2::applicationstatus) RETURNING applications.id, applications.created_at, applications.updated_at]
[parameters: (12344, 'PENDING')]
(Background on this error at: https://sqlalche.me/e/20/gkpj) 
2025-03-11 18:59:55 - ERROR - __main__:34 - start_bot - Не удалось отправить сообщение админу 344334: Telegram server says - Bad Request: chat not found 
2025-03-11 18:59:55 - INFO - __main__:36 - start_bot - Бот успешно запущен. 
2025-03-11 19:00:42 - INFO - bot.dao.base:57 - find_one_or_none - Поиск одной записи User по фильтрам: {'telegram_id': 439653349} 
2025-03-11 19:00:42 - INFO - bot.dao.base:65 - find_one_or_none - Запись не найдена по фильтрам: {'telegram_id': 439653349} 
2025-03-11 19:00:42 - INFO - bot.dao.base:108 - add - Добавление записи User с параметрами: {'telegram_id': 439653349, 'username': 'BorisisTheBlade', 'first_name': 'Borisisis', 'last_name': None, 'referral_id': None} 
2025-03-11 19:00:42 - INFO - bot.dao.base:113 - add - Запись User успешно добавлена. 
2025-03-11 19:01:54 - DEBUG - bot.application_form.router:230 - photo_message - Извлек ID фотографии - AgACAgIAAxkBAAILvmfQXnGYkXlJ17xn7M7TpXwN9n5BAAIU7TEbQ66JSjlG83uyXZnvAQADAgADeQADNgQ 
2025-03-11 19:01:54 - DEBUG - bot.application_form.router:244 - photo_message - Добавил данные в FSM ['AgACAgIAAxkBAAILvmfQXnGYkXlJ17xn7M7TpXwN9n5BAAIU7TEbQ66JSjlG83uyXZnvAQADAgADeQADNgQ'] 
2025-03-11 19:02:09 - INFO - bot.dao.base:57 - find_one_or_none - Поиск одной записи User по фильтрам: {'telegram_id': 439653349} 
2025-03-11 19:02:09 - INFO - bot.dao.base:63 - find_one_or_none - Запись найдена по фильтрам: {'telegram_id': 439653349} 
2025-03-11 19:02:09 - DEBUG - bot.application_form.router:622 - video_message - Получил id пользователя из базы - <bot.users.models.User object at 0x711f6d2555e0> 
2025-03-11 19:02:09 - DEBUG - bot.application_form.router:623 - video_message - Получил id пользователя из базы - 40 
2025-03-11 19:02:09 - ERROR - bot.application_form.router:678 - video_message - Ошибка при обработке видео: 'Application' object has no attribute 'model_dump' 
2025-03-11 19:02:38 - ERROR - __main__:51 - stop_bot - Не удалось отправить сообщение админу 344334 об остановке бота: Telegram server says - Bad Request: chat not found 
2025-03-11 19:02:38 - ERROR - __main__:53 - stop_bot - Бот остановлен! 
2025-03-11 19:06:32 - INFO - bot.dao.base:108 - add - Добавление записи Application с параметрами: {'user_id': 40} 
2025-03-11 19:06:32 - INFO - bot.dao.base:113 - add - Запись Application успешно добавлена. 
2025-03-11 19:06:32 - INFO - bot.dao.base:108 - add - Добавление записи Application с параметрами: {'user_id': 40} 
2025-03-11 19:06:42 - INFO - bot.dao.base:108 - add - Добавление записи Application с параметрами: {'user_id': 40} 
2025-03-11 19:06:42 - INFO - bot.dao.base:113 - add - Запись Application успешно добавлена. 
2025-03-11 19:06:55 - INFO - bot.dao.base:108 - add - Добавление записи Application с параметрами: {'user_id': 40} 
2025-03-11 19:06:55 - INFO - bot.dao.base:113 - add - Запись Application успешно добавлена. 
2025-03-11 19:08:48 - INFO - bot.dao.base:108 - add - Добавление записи Application с параметрами: {'user_id': 40, 'status': <ApplicationStatusSchema.APPROVED: 'approved'>} 
2025-03-11 19:08:48 - ERROR - bot.dao.base:116 - add - Ошибка при добавлении записи: (sqlalchemy.dialects.postgresql.asyncpg.Error) <class 'asyncpg.exceptions.InvalidTextRepresentationError'>: invalid input value for enum applicationstatus: "approved"
[SQL: INSERT INTO applications (user_id, status) VALUES ($1::BIGINT, $2::applicationstatus) RETURNING applications.id, applications.created_at, applications.updated_at]
[parameters: (40, <ApplicationStatusSchema.APPROVED: 'approved'>)]
(Background on this error at: https://sqlalche.me/e/20/dbapi) 
2025-03-11 19:09:32 - INFO - bot.dao.base:108 - add - Добавление записи Application с параметрами: {'user_id': 40} 
2025-03-11 19:09:32 - INFO - bot.dao.base:113 - add - Запись Application успешно добавлена. 
2025-03-11 19:10:26 - INFO - bot.dao.base:108 - add - Добавление записи Application с параметрами: {'user_id': 40, 'status': <ApplicationStatusSchema.APPROVED: 'approved'>} 
2025-03-11 19:10:26 - ERROR - bot.dao.base:116 - add - Ошибка при добавлении записи: (sqlalchemy.dialects.postgresql.asyncpg.Error) <class 'asyncpg.exceptions.InvalidTextRepresentationError'>: invalid input value for enum applicationstatus: "approved"
[SQL: INSERT INTO applications (user_id, status) VALUES ($1::BIGINT, $2::applicationstatus) RETURNING applications.id, applications.created_at, applications.updated_at]
[parameters: (40, <ApplicationStatusSchema.APPROVED: 'approved'>)]
(Background on this error at: https://sqlalche.me/e/20/dbapi) 
2025-03-11 19:18:05 - INFO - bot.application_form.dao:46 - add - Добавление записи Application с параметрами: user_id=40 status=<ApplicationStatusSchema.APPROVED: 'approved'> 
2025-03-11 19:18:35 - INFO - bot.application_form.dao:47 - add - Добавление записи Application с параметрами: user_id=40 status=<ApplicationStatusSchema.APPROVED: 'approved'> 
2025-03-11 19:19:02 - INFO - bot.application_form.dao:47 - add - Добавление записи Application с параметрами: {'user_id': 40, 'status': <ApplicationStatusSchema.APPROVED: 'approved'>} 
2025-03-11 19:19:02 - ERROR - bot.application_form.dao:55 - add - Ошибка при добавлении записи: (sqlalchemy.dialects.postgresql.asyncpg.Error) <class 'asyncpg.exceptions.InvalidTextRepresentationError'>: invalid input value for enum applicationstatus: "approved"
[SQL: INSERT INTO applications (user_id, status) VALUES ($1::BIGINT, $2::applicationstatus) RETURNING applications.id, applications.created_at, applications.updated_at]
[parameters: (40, <ApplicationStatusSchema.APPROVED: 'approved'>)]
(Background on this error at: https://sqlalche.me/e/20/dbapi) 
2025-03-11 19:20:00 - INFO - bot.application_form.dao:47 - add - Добавление записи Application с параметрами: {'user_id': 40, 'status': <ApplicationStatusSchema.APPROVED: 'approved'>} 
2025-03-11 19:20:00 - ERROR - bot.application_form.dao:55 - add - Ошибка при добавлении записи: (sqlalchemy.dialects.postgresql.asyncpg.Error) <class 'asyncpg.exceptions.InvalidTextRepresentationError'>: invalid input value for enum applicationstatus: "approved"
[SQL: INSERT INTO applications (user_id, status) VALUES ($1::BIGINT, $2::applicationstatus) RETURNING applications.id, applications.created_at, applications.updated_at]
[parameters: (40, <ApplicationStatusSchema.APPROVED: 'approved'>)]
(Background on this error at: https://sqlalche.me/e/20/dbapi) 
2025-03-11 19:21:22 - INFO - bot.application_form.dao:47 - add - Добавление записи Application с параметрами: {'id': None, 'user_id': 40, 'status': <ApplicationStatus.APPROVED: 'approved'>, 'created_at': None, 'updated_at': None} 
2025-03-11 19:21:22 - INFO - bot.application_form.dao:52 - add - Запись Application успешно добавлена. 
2025-03-11 19:22:00 - INFO - bot.application_form.dao:47 - add - Добавление записи Application с параметрами: {'id': None, 'user_id': 40, 'status': <ApplicationStatus.APPROVED: 'approved'>, 'created_at': None, 'updated_at': None} 
2025-03-11 19:22:00 - INFO - bot.application_form.dao:52 - add - Запись Application успешно добавлена. 
2025-03-11 19:24:54 - ERROR - __main__:34 - start_bot - Не удалось отправить сообщение админу 344334: Telegram server says - Bad Request: chat not found 
2025-03-11 19:24:54 - INFO - __main__:36 - start_bot - Бот успешно запущен. 
2025-03-11 19:25:01 - INFO - bot.dao.base:57 - find_one_or_none - Поиск одной записи User по фильтрам: {'telegram_id': 439653349} 
2025-03-11 19:25:01 - INFO - bot.dao.base:63 - find_one_or_none - Запись найдена по фильтрам: {'telegram_id': 439653349} 
2025-03-11 19:25:48 - DEBUG - bot.application_form.router:230 - photo_message - Извлек ID фотографии - AgACAgIAAxkBAAILvmfQXnGYkXlJ17xn7M7TpXwN9n5BAAIU7TEbQ66JSjlG83uyXZnvAQADAgADeQADNgQ 
2025-03-11 19:25:48 - DEBUG - bot.application_form.router:244 - photo_message - Добавил данные в FSM ['AgACAgIAAxkBAAILvmfQXnGYkXlJ17xn7M7TpXwN9n5BAAIU7TEbQ66JSjlG83uyXZnvAQADAgADeQADNgQ'] 
2025-03-11 19:26:01 - INFO - bot.dao.base:57 - find_one_or_none - Поиск одной записи User по фильтрам: {'telegram_id': 439653349} 
2025-03-11 19:26:01 - INFO - bot.dao.base:63 - find_one_or_none - Запись найдена по фильтрам: {'telegram_id': 439653349} 
2025-03-11 19:26:01 - DEBUG - bot.application_form.router:622 - video_message - Получил id пользователя из базы - <bot.users.models.User object at 0x7112ad73d7f0> 
2025-03-11 19:26:01 - DEBUG - bot.application_form.router:623 - video_message - Получил id пользователя из базы - 40 
2025-03-11 19:26:01 - INFO - bot.application_form.dao:47 - add - Добавление записи Application с параметрами: {'id': None, 'user_id': 40, 'status': <ApplicationStatus.PENDING: 'pending'>, 'created_at': None, 'updated_at': None} 
2025-03-11 19:26:01 - INFO - bot.application_form.dao:52 - add - Запись Application успешно добавлена. 
2025-03-11 19:26:01 - DEBUG - bot.application_form.router:646 - video_message - Создал заявку - 12 
2025-03-11 19:26:01 - INFO - bot.application_form.router:673 - video_message - Заявка 12 успешно добавлена в базу данных. 
2025-03-11 19:36:07 - ERROR - __main__:51 - stop_bot - Не удалось отправить сообщение админу 344334 об остановке бота: Telegram server says - Bad Request: chat not found 
2025-03-11 19:36:07 - ERROR - __main__:53 - stop_bot - Бот остановлен! 
2025-03-11 19:36:59 - ERROR - __main__:34 - start_bot - Не удалось отправить сообщение админу 344334: Telegram server says - Bad Request: chat not found 
2025-03-11 19:36:59 - INFO - __main__:36 - start_bot - Бот успешно запущен. 
2025-03-11 19:37:06 - INFO - bot.dao.base:57 - find_one_or_none - Поиск одной записи User по фильтрам: {'telegram_id': 439653349} 
2025-03-11 19:37:06 - INFO - bot.dao.base:63 - find_one_or_none - Запись найдена по фильтрам: {'telegram_id': 439653349} 
2025-03-11 19:37:51 - DEBUG - bot.application_form.router:230 - photo_message - Извлек ID фотографии - AgACAgIAAxkBAAILvmfQXnGYkXlJ17xn7M7TpXwN9n5BAAIU7TEbQ66JSjlG83uyXZnvAQADAgADeQADNgQ 
2025-03-11 19:37:51 - DEBUG - bot.application_form.router:244 - photo_message - Добавил данные в FSM ['AgACAgIAAxkBAAILvmfQXnGYkXlJ17xn7M7TpXwN9n5BAAIU7TEbQ66JSjlG83uyXZnvAQADAgADeQADNgQ'] 
2025-03-11 19:37:52 - DEBUG - bot.application_form.router:230 - photo_message - Извлек ID фотографии - AgACAgIAAxkBAAIL9GfQZt-sOiZJb3jL4ZNd5vIVUHihAAJZ7TEbQ66JSjwFhBt1FevsAQADAgADbQADNgQ 
2025-03-11 19:37:52 - DEBUG - bot.application_form.router:244 - photo_message - Добавил данные в FSM ['AgACAgIAAxkBAAILvmfQXnGYkXlJ17xn7M7TpXwN9n5BAAIU7TEbQ66JSjlG83uyXZnvAQADAgADeQADNgQ', 'AgACAgIAAxkBAAIL9GfQZt-sOiZJb3jL4ZNd5vIVUHihAAJZ7TEbQ66JSjwFhBt1FevsAQADAgADbQADNgQ'] 
2025-03-11 19:38:56 - ERROR - bot.application_form.router:696 - video_message - Ошибка при обработке видео: name 'ApplicationStatusSchema' is not defined 
2025-03-11 19:39:29 - ERROR - __main__:51 - stop_bot - Не удалось отправить сообщение админу 344334 об остановке бота: Telegram server says - Bad Request: chat not found 
2025-03-11 19:39:29 - ERROR - __main__:53 - stop_bot - Бот остановлен! 
2025-03-11 19:39:35 - ERROR - __main__:34 - start_bot - Не удалось отправить сообщение админу 344334: Telegram server says - Bad Request: chat not found 
2025-03-11 19:39:35 - INFO - __main__:36 - start_bot - Бот успешно запущен. 
2025-03-11 19:39:49 - INFO - bot.dao.base:57 - find_one_or_none - Поиск одной записи User по фильтрам: {'telegram_id': 439653349} 
2025-03-11 19:39:49 - INFO - bot.dao.base:63 - find_one_or_none - Запись найдена по фильтрам: {'telegram_id': 439653349} 
2025-03-11 19:40:34 - DEBUG - bot.application_form.router:230 - photo_message - Извлек ID фотографии - AgACAgIAAxkBAAILvmfQXnGYkXlJ17xn7M7TpXwN9n5BAAIU7TEbQ66JSjlG83uyXZnvAQADAgADeQADNgQ 
2025-03-11 19:40:34 - DEBUG - bot.application_form.router:244 - photo_message - Добавил данные в FSM ['AgACAgIAAxkBAAILvmfQXnGYkXlJ17xn7M7TpXwN9n5BAAIU7TEbQ66JSjlG83uyXZnvAQADAgADeQADNgQ'] 
2025-03-11 19:40:34 - DEBUG - bot.application_form.router:230 - photo_message - Извлек ID фотографии - AgACAgIAAxkBAAIL9GfQZt-sOiZJb3jL4ZNd5vIVUHihAAJZ7TEbQ66JSjwFhBt1FevsAQADAgADbQADNgQ 
2025-03-11 19:40:34 - DEBUG - bot.application_form.router:244 - photo_message - Добавил данные в FSM ['AgACAgIAAxkBAAILvmfQXnGYkXlJ17xn7M7TpXwN9n5BAAIU7TEbQ66JSjlG83uyXZnvAQADAgADeQADNgQ', 'AgACAgIAAxkBAAIL9GfQZt-sOiZJb3jL4ZNd5vIVUHihAAJZ7TEbQ66JSjwFhBt1FevsAQADAgADbQADNgQ'] 
2025-03-11 19:42:18 - DEBUG - bot.application_form.router:610 - video_message - Извлек ID видео - BAACAgIAAxkBAAIMIWfQZ-nqappslLCAJIIuz_0MEXgAA3ZuAAJDrolKyqPkX2xMzWo2BA 
2025-03-11 19:42:18 - INFO - bot.dao.base:57 - find_one_or_none - Поиск одной записи User по фильтрам: {'telegram_id': 439653349} 
2025-03-11 19:42:18 - INFO - bot.dao.base:63 - find_one_or_none - Запись найдена по фильтрам: {'telegram_id': 439653349} 
2025-03-11 19:42:18 - DEBUG - bot.application_form.router:622 - video_message - Получил id пользователя из базы - <bot.users.models.User object at 0x733991ff6180> 
2025-03-11 19:42:18 - DEBUG - bot.application_form.router:623 - video_message - Получил id пользователя из базы - 40 
2025-03-11 19:42:18 - INFO - bot.application_form.dao:47 - add - Добавление записи Application с параметрами: {'id': None, 'user_id': 40, 'status': <ApplicationStatus.PENDING: 'pending'>, 'created_at': None, 'updated_at': None} 
2025-03-11 19:42:18 - INFO - bot.application_form.dao:52 - add - Запись Application успешно добавлена. 
2025-03-11 19:42:18 - DEBUG - bot.application_form.router:639 - video_message - Создал заявку - 13 
2025-03-11 19:42:18 - INFO - bot.dao.base:108 - add - Добавление записи Photo с параметрами: {'file_id': 'AgACAgIAAxkBAAILvmfQXnGYkXlJ17xn7M7TpXwN9n5BAAIU7TEbQ66JSjlG83uyXZnvAQADAgADeQADNgQ', 'application_id': 13} 
2025-03-11 19:42:18 - INFO - bot.dao.base:113 - add - Запись Photo успешно добавлена. 
2025-03-11 19:42:18 - INFO - bot.dao.base:108 - add - Добавление записи Photo с параметрами: {'file_id': 'AgACAgIAAxkBAAIL9GfQZt-sOiZJb3jL4ZNd5vIVUHihAAJZ7TEbQ66JSjwFhBt1FevsAQADAgADbQADNgQ', 'application_id': 13} 
2025-03-11 19:42:18 - INFO - bot.dao.base:113 - add - Запись Photo успешно добавлена. 
2025-03-11 19:42:18 - INFO - bot.dao.base:108 - add - Добавление записи Video с параметрами: {'file_id': 'BAACAgIAAxkBAAIMIWfQZ-nqappslLCAJIIuz_0MEXgAA3ZuAAJDrolKyqPkX2xMzWo2BA', 'application_id': 13} 
2025-03-11 19:42:18 - INFO - bot.dao.base:113 - add - Запись Video успешно добавлена. 
2025-03-11 19:42:18 - INFO - bot.dao.base:108 - add - Добавление записи BankDebt с параметрами: {'bank_name': 'sdgdfg', 'total_amount': 25355353.0, 'application_id': 13} 
2025-03-11 19:42:18 - INFO - bot.dao.base:113 - add - Запись BankDebt успешно добавлена. 
2025-03-11 19:42:18 - INFO - bot.dao.base:108 - add - Добавление записи BankDebt с параметрами: {'bank_name': 'dfgfdfg', 'total_amount': 23424.0, 'application_id': 13} 
2025-03-11 19:42:18 - INFO - bot.dao.base:113 - add - Запись BankDebt успешно добавлена. 
2025-03-11 19:42:19 - INFO - bot.application_form.router:667 - video_message - Заявка 13 успешно добавлена в базу данных. 
2025-03-11 19:42:19 - INFO - bot.application_form.router:694 - video_message - Заявка 13 успешно добавлена в базу данных. 
2025-03-11 19:50:37 - ERROR - __main__:51 - stop_bot - Не удалось отправить сообщение админу 344334 об остановке бота: Telegram server says - Bad Request: chat not found 
2025-03-11 19:50:37 - ERROR - __main__:53 - stop_bot - Бот остановлен! 
2025-03-11 19:50:55 - ERROR - __main__:34 - start_bot - Не удалось отправить сообщение админу 344334: Telegram server says - Bad Request: chat not found 
2025-03-11 19:50:55 - INFO - __main__:36 - start_bot - Бот успешно запущен. 
2025-03-11 19:51:23 - ERROR - __main__:51 - stop_bot - Не удалось отправить сообщение админу 344334 об остановке бота: Telegram server says - Bad Request: chat not found 
2025-03-11 19:51:23 - ERROR - __main__:53 - stop_bot - Бот остановлен! 
2025-03-11 19:51:28 - ERROR - __main__:34 - start_bot - Не удалось отправить сообщение админу 344334: Telegram server says - Bad Request: chat not found 
2025-03-11 19:51:28 - INFO - __main__:36 - start_bot - Бот успешно запущен. 
2025-03-11 19:51:31 - INFO - bot.dao.base:57 - find_one_or_none - Поиск одной записи User по фильтрам: {'telegram_id': 439653349} 
2025-03-11 19:51:31 - INFO - bot.dao.base:63 - find_one_or_none - Запись найдена по фильтрам: {'telegram_id': 439653349} 
2025-03-11 19:52:10 - DEBUG - bot.application_form.router:230 - photo_message - Извлек ID фотографии - AgACAgIAAxkBAAILvmfQXnGYkXlJ17xn7M7TpXwN9n5BAAIU7TEbQ66JSjlG83uyXZnvAQADAgADeQADNgQ 
2025-03-11 19:52:10 - DEBUG - bot.application_form.router:244 - photo_message - Добавил данные в FSM ['AgACAgIAAxkBAAILvmfQXnGYkXlJ17xn7M7TpXwN9n5BAAIU7TEbQ66JSjlG83uyXZnvAQADAgADeQADNgQ'] 
2025-03-11 19:52:11 - DEBUG - bot.application_form.router:230 - photo_message - Извлек ID фотографии - AgACAgIAAxkBAAIL9GfQZt-sOiZJb3jL4ZNd5vIVUHihAAJZ7TEbQ66JSjwFhBt1FevsAQADAgADbQADNgQ 
2025-03-11 19:52:11 - DEBUG - bot.application_form.router:244 - photo_message - Добавил данные в FSM ['AgACAgIAAxkBAAILvmfQXnGYkXlJ17xn7M7TpXwN9n5BAAIU7TEbQ66JSjlG83uyXZnvAQADAgADeQADNgQ', 'AgACAgIAAxkBAAIL9GfQZt-sOiZJb3jL4ZNd5vIVUHihAAJZ7TEbQ66JSjwFhBt1FevsAQADAgADbQADNgQ'] 
2025-03-11 19:52:56 - DEBUG - bot.application_form.router:610 - video_message - Извлек ID видео - BAACAgIAAxkBAAIMRmfQamf7wuJHpmrJ_F8loAAB7sC4_gACom4AAkOuiUqu60W04DQu5jYE 
2025-03-11 19:52:56 - INFO - bot.dao.base:57 - find_one_or_none - Поиск одной записи User по фильтрам: {'telegram_id': 439653349} 
2025-03-11 19:52:56 - INFO - bot.dao.base:63 - find_one_or_none - Запись найдена по фильтрам: {'telegram_id': 439653349} 
2025-03-11 19:52:56 - DEBUG - bot.application_form.router:622 - video_message - Получил id пользователя из базы - <bot.users.models.User object at 0x7b8a56205100> 
2025-03-11 19:52:56 - DEBUG - bot.application_form.router:623 - video_message - Получил id пользователя из базы - 40 
2025-03-11 19:52:56 - INFO - bot.application_form.dao:47 - add - Добавление записи Application с параметрами: {'id': None, 'user_id': 40, 'status': <ApplicationStatus.PENDING: 'pending'>, 'created_at': None, 'updated_at': None} 
2025-03-11 19:52:56 - INFO - bot.application_form.dao:52 - add - Запись Application успешно добавлена. 
2025-03-11 19:52:56 - DEBUG - bot.application_form.router:639 - video_message - Создал заявку - 14 
2025-03-11 19:52:56 - INFO - bot.dao.base:108 - add - Добавление записи Photo с параметрами: {'file_id': 'AgACAgIAAxkBAAILvmfQXnGYkXlJ17xn7M7TpXwN9n5BAAIU7TEbQ66JSjlG83uyXZnvAQADAgADeQADNgQ', 'application_id': 14} 
2025-03-11 19:52:56 - ERROR - bot.dao.base:116 - add - Ошибка при добавлении записи: (sqlalchemy.dialects.postgresql.asyncpg.IntegrityError) <class 'asyncpg.exceptions.UniqueViolationError'>: duplicate key value violates unique constraint "photos_file_id_key"
DETAIL:  Key (file_id)=(AgACAgIAAxkBAAILvmfQXnGYkXlJ17xn7M7TpXwN9n5BAAIU7TEbQ66JSjlG83uyXZnvAQADAgADeQADNgQ) already exists.
[SQL: INSERT INTO photos (file_id, application_id) VALUES ($1::VARCHAR, $2::INTEGER) RETURNING photos.id, photos.created_at, photos.updated_at]
[parameters: ('AgACAgIAAxkBAAILvmfQXnGYkXlJ17xn7M7TpXwN9n5BAAIU7TEbQ66JSjlG83uyXZnvAQADAgADeQADNgQ', 14)]
(Background on this error at: https://sqlalche.me/e/20/gkpj) 
2025-03-11 19:52:56 - ERROR - bot.application_form.router:697 - video_message - Ошибка при обработке видео: (sqlalchemy.dialects.postgresql.asyncpg.IntegrityError) <class 'asyncpg.exceptions.UniqueViolationError'>: duplicate key value violates unique constraint "photos_file_id_key"
DETAIL:  Key (file_id)=(AgACAgIAAxkBAAILvmfQXnGYkXlJ17xn7M7TpXwN9n5BAAIU7TEbQ66JSjlG83uyXZnvAQADAgADeQADNgQ) already exists.
[SQL: INSERT INTO photos (file_id, application_id) VALUES ($1::VARCHAR, $2::INTEGER) RETURNING photos.id, photos.created_at, photos.updated_at]
[parameters: ('AgACAgIAAxkBAAILvmfQXnGYkXlJ17xn7M7TpXwN9n5BAAIU7TEbQ66JSjlG83uyXZnvAQADAgADeQADNgQ', 14)]
(Background on this error at: https://sqlalche.me/e/20/gkpj) 
2025-03-11 19:55:14 - ERROR - __main__:51 - stop_bot - Не удалось отправить сообщение админу 344334 об остановке бота: Telegram server says - Bad Request: chat not found 
2025-03-11 19:55:14 - ERROR - __main__:53 - stop_bot - Бот остановлен! 
2025-03-11 19:55:18 - ERROR - __main__:34 - start_bot - Не удалось отправить сообщение админу 344334: Telegram server says - Bad Request: chat not found 
2025-03-11 19:55:18 - INFO - __main__:36 - start_bot - Бот успешно запущен. 
2025-03-11 19:55:27 - INFO - bot.dao.base:57 - find_one_or_none - Поиск одной записи User по фильтрам: {'telegram_id': 439653349} 
2025-03-11 19:55:27 - INFO - bot.dao.base:65 - find_one_or_none - Запись не найдена по фильтрам: {'telegram_id': 439653349} 
2025-03-11 19:55:27 - INFO - bot.dao.base:108 - add - Добавление записи User с параметрами: {'telegram_id': 439653349, 'username': 'BorisisTheBlade', 'first_name': 'Borisisis', 'last_name': None, 'referral_id': None} 
2025-03-11 19:55:27 - INFO - bot.dao.base:113 - add - Запись User успешно добавлена. 
2025-03-11 19:56:12 - DEBUG - bot.application_form.router:230 - photo_message - Извлек ID фотографии - AgACAgIAAxkBAAILvmfQXnGYkXlJ17xn7M7TpXwN9n5BAAIU7TEbQ66JSjlG83uyXZnvAQADAgADeQADNgQ 
2025-03-11 19:56:12 - DEBUG - bot.application_form.router:244 - photo_message - Добавил данные в FSM ['AgACAgIAAxkBAAILvmfQXnGYkXlJ17xn7M7TpXwN9n5BAAIU7TEbQ66JSjlG83uyXZnvAQADAgADeQADNgQ'] 
2025-03-11 19:56:13 - DEBUG - bot.application_form.router:230 - photo_message - Извлек ID фотографии - AgACAgIAAxkBAAIL9GfQZt-sOiZJb3jL4ZNd5vIVUHihAAJZ7TEbQ66JSjwFhBt1FevsAQADAgADbQADNgQ 
2025-03-11 19:56:13 - DEBUG - bot.application_form.router:244 - photo_message - Добавил данные в FSM ['AgACAgIAAxkBAAILvmfQXnGYkXlJ17xn7M7TpXwN9n5BAAIU7TEbQ66JSjlG83uyXZnvAQADAgADeQADNgQ', 'AgACAgIAAxkBAAIL9GfQZt-sOiZJb3jL4ZNd5vIVUHihAAJZ7TEbQ66JSjwFhBt1FevsAQADAgADbQADNgQ'] 
2025-03-11 19:56:56 - DEBUG - bot.application_form.router:610 - video_message - Извлек ID видео - BAACAgIAAxkBAAIMZ2fQa1c8wG8sSg3IuXRXfhD8LRDXAAKrbgACQ66JSoiChYgpytKeNgQ 
2025-03-11 19:56:56 - INFO - bot.dao.base:57 - find_one_or_none - Поиск одной записи User по фильтрам: {'telegram_id': 439653349} 
2025-03-11 19:56:56 - INFO - bot.dao.base:63 - find_one_or_none - Запись найдена по фильтрам: {'telegram_id': 439653349} 
2025-03-11 19:56:56 - DEBUG - bot.application_form.router:622 - video_message - Получил id пользователя из базы - <bot.users.models.User object at 0x7a4289c55c70> 
2025-03-11 19:56:56 - DEBUG - bot.application_form.router:623 - video_message - Получил id пользователя из базы - 41 
2025-03-11 19:56:56 - INFO - bot.application_form.dao:47 - add - Добавление записи Application с параметрами: {'id': None, 'user_id': 41, 'status': <ApplicationStatus.PENDING: 'pending'>, 'created_at': None, 'updated_at': None} 
2025-03-11 19:56:56 - INFO - bot.application_form.dao:52 - add - Запись Application успешно добавлена. 
2025-03-11 19:56:56 - DEBUG - bot.application_form.router:639 - video_message - Создал заявку - 15 
2025-03-11 19:56:56 - INFO - bot.dao.base:108 - add - Добавление записи Photo с параметрами: {'file_id': 'AgACAgIAAxkBAAILvmfQXnGYkXlJ17xn7M7TpXwN9n5BAAIU7TEbQ66JSjlG83uyXZnvAQADAgADeQADNgQ', 'application_id': 15} 
2025-03-11 19:56:56 - INFO - bot.dao.base:113 - add - Запись Photo успешно добавлена. 
2025-03-11 19:56:56 - INFO - bot.dao.base:108 - add - Добавление записи Photo с параметрами: {'file_id': 'AgACAgIAAxkBAAIL9GfQZt-sOiZJb3jL4ZNd5vIVUHihAAJZ7TEbQ66JSjwFhBt1FevsAQADAgADbQADNgQ', 'application_id': 15} 
2025-03-11 19:56:56 - INFO - bot.dao.base:113 - add - Запись Photo успешно добавлена. 
2025-03-11 19:56:56 - INFO - bot.dao.base:108 - add - Добавление записи Video с параметрами: {'file_id': 'BAACAgIAAxkBAAIMZ2fQa1c8wG8sSg3IuXRXfhD8LRDXAAKrbgACQ66JSoiChYgpytKeNgQ', 'application_id': 15} 
2025-03-11 19:56:56 - INFO - bot.dao.base:113 - add - Запись Video успешно добавлена. 
2025-03-11 19:56:56 - INFO - bot.dao.base:108 - add - Добавление записи BankDebt с параметрами: {'bank_name': 'Сбер', 'total_amount': 123145.0, 'application_id': 15} 
2025-03-11 19:56:56 - INFO - bot.dao.base:113 - add - Запись BankDebt успешно добавлена. 
2025-03-11 19:56:56 - INFO - bot.dao.base:108 - add - Добавление записи BankDebt с параметрами: {'bank_name': 'ТИнькоф', 'total_amount': 124237.0, 'application_id': 15} 
2025-03-11 19:56:56 - INFO - bot.dao.base:113 - add - Запись BankDebt успешно добавлена. 
2025-03-11 19:56:57 - INFO - bot.application_form.router:667 - video_message - Заявка 15 успешно добавлена в базу данных. 
2025-03-11 19:56:57 - INFO - bot.application_form.router:695 - video_message - Заявка 15 успешно добавлена в базу данных. 
2025-03-11 20:03:43 - ERROR - __main__:51 - stop_bot - Не удалось отправить сообщение админу 344334 об остановке бота: Telegram server says - Bad Request: chat not found 
2025-03-11 20:03:43 - ERROR - __main__:53 - stop_bot - Бот остановлен! 
2025-03-11 20:03:48 - ERROR - __main__:34 - start_bot - Не удалось отправить сообщение админу 344334: Telegram server says - Bad Request: chat not found 
2025-03-11 20:03:48 - INFO - __main__:36 - start_bot - Бот успешно запущен. 
2025-03-11 20:04:12 - ERROR - __main__:51 - stop_bot - Не удалось отправить сообщение админу 344334 об остановке бота: Telegram server says - Bad Request: chat not found 
2025-03-11 20:04:12 - ERROR - __main__:53 - stop_bot - Бот остановлен! 
2025-03-11 20:04:17 - ERROR - __main__:34 - start_bot - Не удалось отправить сообщение админу 344334: Telegram server says - Bad Request: chat not found 
2025-03-11 20:04:17 - INFO - __main__:36 - start_bot - Бот успешно запущен. 
2025-03-11 20:04:26 - INFO - bot.dao.base:57 - find_one_or_none - Поиск одной записи User по фильтрам: {'telegram_id': 439653349} 
2025-03-11 20:04:26 - INFO - bot.dao.base:63 - find_one_or_none - Запись найдена по фильтрам: {'telegram_id': 439653349} 
2025-03-11 20:05:00 - ERROR - bot.application_form.router:191 - owner_callback - Ошибка при обработке запроса: Telegram server says - Bad Request: message to delete not found 
2025-03-11 20:05:16 - DEBUG - bot.application_form.router:230 - photo_message - Извлек ID фотографии - AgACAgIAAxkBAAILvmfQXnGYkXlJ17xn7M7TpXwN9n5BAAIU7TEbQ66JSjlG83uyXZnvAQADAgADeQADNgQ 
2025-03-11 20:05:16 - DEBUG - bot.application_form.router:244 - photo_message - Добавил данные в FSM ['AgACAgIAAxkBAAILvmfQXnGYkXlJ17xn7M7TpXwN9n5BAAIU7TEbQ66JSjlG83uyXZnvAQADAgADeQADNgQ'] 
2025-03-11 20:05:54 - DEBUG - bot.application_form.router:610 - video_message - Извлек ID видео - BAACAgIAAxkBAAIMjGfQbXH8bGWLm1tVLhtKvvQV7fs7AAK7bgACQ66JSpXJkyAOcpwJNgQ 
2025-03-11 20:05:54 - INFO - bot.dao.base:57 - find_one_or_none - Поиск одной записи User по фильтрам: {'telegram_id': 439653349} 
2025-03-11 20:05:54 - INFO - bot.dao.base:63 - find_one_or_none - Запись найдена по фильтрам: {'telegram_id': 439653349} 
2025-03-11 20:05:54 - DEBUG - bot.application_form.router:622 - video_message - Получил id пользователя из базы - <bot.users.models.User object at 0x725277d277a0> 
2025-03-11 20:05:54 - DEBUG - bot.application_form.router:623 - video_message - Получил id пользователя из базы - 41 
2025-03-11 20:05:54 - INFO - bot.application_form.dao:47 - add - Добавление записи Application с параметрами: {'id': None, 'user_id': 41, 'status': <ApplicationStatus.PENDING: 'pending'>, 'created_at': None, 'updated_at': None} 
2025-03-11 20:05:54 - INFO - bot.application_form.dao:52 - add - Запись Application успешно добавлена. 
2025-03-11 20:05:54 - DEBUG - bot.application_form.router:639 - video_message - Создал заявку - 16 
2025-03-11 20:05:54 - INFO - bot.dao.base:108 - add - Добавление записи Photo с параметрами: {'file_id': 'AgACAgIAAxkBAAILvmfQXnGYkXlJ17xn7M7TpXwN9n5BAAIU7TEbQ66JSjlG83uyXZnvAQADAgADeQADNgQ', 'application_id': 16} 
2025-03-11 20:05:54 - INFO - bot.dao.base:113 - add - Запись Photo успешно добавлена. 
2025-03-11 20:05:54 - INFO - bot.dao.base:108 - add - Добавление записи Video с параметрами: {'file_id': 'BAACAgIAAxkBAAIMjGfQbXH8bGWLm1tVLhtKvvQV7fs7AAK7bgACQ66JSpXJkyAOcpwJNgQ', 'application_id': 16} 
2025-03-11 20:05:54 - INFO - bot.dao.base:113 - add - Запись Video успешно добавлена. 
2025-03-11 20:05:54 - INFO - bot.dao.base:108 - add - Добавление записи BankDebt с параметрами: {'bank_name': 'ssdfds', 'total_amount': 23244.0, 'application_id': 16} 
2025-03-11 20:05:54 - INFO - bot.dao.base:113 - add - Запись BankDebt успешно добавлена. 
2025-03-11 20:05:54 - INFO - bot.dao.base:108 - add - Добавление записи BankDebt с параметрами: {'bank_name': 'hlgh;lgl;hl;lgh', 'total_amount': 4536.0, 'application_id': 16} 
2025-03-11 20:05:54 - INFO - bot.dao.base:113 - add - Запись BankDebt успешно добавлена. 
2025-03-11 20:05:55 - INFO - bot.application_form.router:688 - video_message - Заявка 16 успешно добавлена в базу данных. 
2025-03-11 20:13:43 - ERROR - __main__:51 - stop_bot - Не удалось отправить сообщение админу 344334 об остановке бота: Telegram server says - Bad Request: chat not found 
2025-03-11 20:13:43 - ERROR - __main__:53 - stop_bot - Бот остановлен! 
2025-03-11 20:13:48 - ERROR - __main__:34 - start_bot - Не удалось отправить сообщение админу 344334: Telegram server says - Bad Request: chat not found 
2025-03-11 20:13:48 - INFO - __main__:36 - start_bot - Бот успешно запущен. 
2025-03-11 20:14:44 - ERROR - __main__:51 - stop_bot - Не удалось отправить сообщение админу 344334 об остановке бота: Telegram server says - Bad Request: chat not found 
2025-03-11 20:14:44 - ERROR - __main__:53 - stop_bot - Бот остановлен! 
2025-03-11 20:14:51 - ERROR - __main__:34 - start_bot - Не удалось отправить сообщение админу 344334: Telegram server says - Bad Request: chat not found 
2025-03-11 20:14:51 - INFO - __main__:36 - start_bot - Бот успешно запущен. 
2025-03-11 20:21:12 - ERROR - __main__:51 - stop_bot - Не удалось отправить сообщение админу 344334 об остановке бота: Telegram server says - Bad Request: chat not found 
2025-03-11 20:21:12 - ERROR - __main__:53 - stop_bot - Бот остановлен! 
2025-03-11 20:21:15 - INFO - bot.dao.base:30 - find_one_or_none_by_id - Поиск User с ID: 439653349 
2025-03-11 20:21:15 - INFO - bot.dao.base:38 - find_one_or_none_by_id - Запись с ID 439653349 не найдена. 
2025-03-11 20:22:56 - INFO - bot.dao.base:57 - find_one_or_none - Поиск одной записи User по фильтрам: {'telegram_id': 439653349} 
2025-03-11 20:22:56 - INFO - bot.dao.base:63 - find_one_or_none - Запись найдена по фильтрам: {'telegram_id': 439653349} 
2025-03-11 20:23:31 - INFO - bot.dao.base:57 - find_one_or_none - Поиск одной записи User по фильтрам: {'telegram_id': 439653349} 
2025-03-11 20:23:31 - INFO - bot.dao.base:63 - find_one_or_none - Запись найдена по фильтрам: {'telegram_id': 439653349} 
2025-03-11 20:24:03 - INFO - bot.dao.base:57 - find_one_or_none - Поиск одной записи User по фильтрам: {'telegram_id': 439653349} 
2025-03-11 20:24:04 - INFO - bot.dao.base:63 - find_one_or_none - Запись найдена по фильтрам: {'telegram_id': 439653349} 
2025-03-11 20:24:33 - INFO - bot.dao.base:57 - find_one_or_none - Поиск одной записи User по фильтрам: {'telegram_id': 439653349} 
2025-03-11 20:24:33 - INFO - bot.dao.base:63 - find_one_or_none - Запись найдена по фильтрам: {'telegram_id': 439653349} 
2025-03-11 20:26:00 - INFO - bot.dao.base:57 - find_one_or_none - Поиск одной записи User по фильтрам: {'telegram_id': 439653349} 
2025-03-11 20:26:00 - INFO - bot.dao.base:63 - find_one_or_none - Запись найдена по фильтрам: {'telegram_id': 439653349} 
2025-03-11 20:26:31 - INFO - bot.dao.base:57 - find_one_or_none - Поиск одной записи User по фильтрам: {'telegram_id': 439653349} 
2025-03-11 20:26:31 - INFO - bot.dao.base:63 - find_one_or_none - Запись найдена по фильтрам: {'telegram_id': 439653349} 
2025-03-11 20:26:44 - INFO - bot.dao.base:57 - find_one_or_none - Поиск одной записи User по фильтрам: {'telegram_id': 439653349} 
2025-03-11 20:26:44 - INFO - bot.dao.base:63 - find_one_or_none - Запись найдена по фильтрам: {'telegram_id': 439653349} 
2025-03-11 20:27:39 - INFO - bot.dao.base:57 - find_one_or_none - Поиск одной записи User по фильтрам: {'telegram_id': 439653349} 
2025-03-11 20:27:39 - INFO - bot.dao.base:63 - find_one_or_none - Запись найдена по фильтрам: {'telegram_id': 439653349} 
2025-03-11 20:27:44 - INFO - bot.dao.base:57 - find_one_or_none - Поиск одной записи User по фильтрам: {'telegram_id': 439653349} 
2025-03-11 20:27:44 - INFO - bot.dao.base:63 - find_one_or_none - Запись найдена по фильтрам: {'telegram_id': 439653349} 
2025-03-11 20:28:48 - INFO - bot.dao.base:57 - find_one_or_none - Поиск одной записи User по фильтрам: {'telegram_id': 439653349} 
2025-03-11 20:28:48 - INFO - bot.dao.base:63 - find_one_or_none - Запись найдена по фильтрам: {'telegram_id': 439653349} 
2025-03-11 20:31:15 - INFO - bot.dao.base:57 - find_one_or_none - Поиск одной записи User по фильтрам: {'telegram_id': 439653349} 
2025-03-11 20:31:15 - INFO - bot.dao.base:63 - find_one_or_none - Запись найдена по фильтрам: {'telegram_id': 439653349} 
2025-03-11 20:31:52 - INFO - bot.dao.base:57 - find_one_or_none - Поиск одной записи User по фильтрам: {'telegram_id': 439653349} 
2025-03-11 20:31:52 - INFO - bot.dao.base:63 - find_one_or_none - Запись найдена по фильтрам: {'telegram_id': 439653349} 
2025-03-11 20:32:04 - INFO - bot.dao.base:57 - find_one_or_none - Поиск одной записи User по фильтрам: {'telegram_id': 439653349} 
2025-03-11 20:32:04 - INFO - bot.dao.base:63 - find_one_or_none - Запись найдена по фильтрам: {'telegram_id': 439653349} 
2025-03-11 20:33:38 - INFO - bot.dao.base:57 - find_one_or_none - Поиск одной записи User по фильтрам: {'telegram_id': 439653349} 
2025-03-11 20:33:38 - INFO - bot.dao.base:63 - find_one_or_none - Запись найдена по фильтрам: {'telegram_id': 439653349} 
2025-03-11 20:33:38 - INFO - bot.application_form.dao:72 - delete - Удаление записей Application по фильтру: {'id': 16, 'user_id': 41, 'status': <ApplicationStatus.PENDING: 'pending'>, 'created_at': datetime.datetime(2025, 3, 11, 20, 5, 54, 824304), 'updated_at': datetime.datetime(2025, 3, 11, 20, 5, 54, 824304)} 
2025-03-11 20:34:43 - INFO - bot.dao.base:57 - find_one_or_none - Поиск одной записи User по фильтрам: {'telegram_id': 439653349} 
2025-03-11 20:34:43 - INFO - bot.dao.base:63 - find_one_or_none - Запись найдена по фильтрам: {'telegram_id': 439653349} 
2025-03-11 20:34:43 - INFO - bot.application_form.dao:73 - delete - Удаление записей Application по фильтру: {'id': 16, 'user_id': 41, 'status': <ApplicationStatus.PENDING: 'pending'>, 'created_at': datetime.datetime(2025, 3, 11, 20, 5, 54, 824304), 'updated_at': datetime.datetime(2025, 3, 11, 20, 5, 54, 824304)} 
2025-03-11 20:34:43 - ERROR - bot.application_form.dao:86 - delete - Ошибка при удалении записей: (sqlalchemy.dialects.postgresql.asyncpg.IntegrityError) <class 'asyncpg.exceptions.ForeignKeyViolationError'>: update or delete on table "applications" violates foreign key constraint "bankdebts_application_id_fkey" on table "bankdebts"
DETAIL:  Key (id)=(16) is still referenced from table "bankdebts".
[SQL: DELETE FROM applications WHERE applications.id = $1::INTEGER AND applications.user_id = $2::BIGINT AND applications.status = $3::applicationstatus AND applications.created_at = $4::TIMESTAMP WITHOUT TIME ZONE AND applications.updated_at = $5::TIMESTAMP WITHOUT TIME ZONE]
[parameters: (16, 41, 'PENDING', datetime.datetime(2025, 3, 11, 20, 5, 54, 824304), datetime.datetime(2025, 3, 11, 20, 5, 54, 824304))]
(Background on this error at: https://sqlalche.me/e/20/gkpj) 
2025-03-11 20:35:59 - INFO - bot.dao.base:57 - find_one_or_none - Поиск одной записи User по фильтрам: {'telegram_id': 439653349} 
2025-03-11 20:36:00 - INFO - bot.dao.base:63 - find_one_or_none - Запись найдена по фильтрам: {'telegram_id': 439653349} 
2025-03-11 20:36:00 - INFO - bot.application_form.dao:73 - delete - Удаление записей Application по фильтру: {'id': 16, 'user_id': 41, 'status': <ApplicationStatus.PENDING: 'pending'>, 'created_at': datetime.datetime(2025, 3, 11, 20, 5, 54, 824304), 'updated_at': datetime.datetime(2025, 3, 11, 20, 5, 54, 824304)} 
2025-03-11 20:36:00 - ERROR - bot.application_form.dao:86 - delete - Ошибка при удалении записей: (sqlalchemy.dialects.postgresql.asyncpg.IntegrityError) <class 'asyncpg.exceptions.ForeignKeyViolationError'>: update or delete on table "applications" violates foreign key constraint "bankdebts_application_id_fkey" on table "bankdebts"
DETAIL:  Key (id)=(16) is still referenced from table "bankdebts".
[SQL: DELETE FROM applications WHERE applications.id = $1::INTEGER AND applications.user_id = $2::BIGINT AND applications.status = $3::applicationstatus AND applications.created_at = $4::TIMESTAMP WITHOUT TIME ZONE AND applications.updated_at = $5::TIMESTAMP WITHOUT TIME ZONE]
[parameters: (16, 41, 'PENDING', datetime.datetime(2025, 3, 11, 20, 5, 54, 824304), datetime.datetime(2025, 3, 11, 20, 5, 54, 824304))]
(Background on this error at: https://sqlalche.me/e/20/gkpj) 
2025-03-11 20:38:46 - INFO - bot.dao.base:57 - find_one_or_none - Поиск одной записи User по фильтрам: {'telegram_id': 439653349} 
2025-03-11 20:38:46 - INFO - bot.dao.base:63 - find_one_or_none - Запись найдена по фильтрам: {'telegram_id': 439653349} 
2025-03-11 20:38:46 - INFO - bot.application_form.dao:73 - delete - Удаление записей Application по фильтру: {'id': 16, 'user_id': 41, 'status': <ApplicationStatus.PENDING: 'pending'>, 'created_at': datetime.datetime(2025, 3, 11, 20, 5, 54, 824304), 'updated_at': datetime.datetime(2025, 3, 11, 20, 5, 54, 824304)} 
2025-03-11 20:38:46 - INFO - bot.application_form.dao:82 - delete - Удалено 1 записей. 
2025-03-11 20:47:50 - ERROR - __main__:36 - start_bot - Не удалось отправить сообщение админу 344334: Telegram server says - Bad Request: chat not found 
2025-03-11 20:47:50 - INFO - __main__:38 - start_bot - Бот успешно запущен. 
2025-03-11 20:49:32 - ERROR - __main__:53 - stop_bot - Не удалось отправить сообщение админу 344334 об остановке бота: Telegram server says - Bad Request: chat not found 
2025-03-11 20:49:32 - ERROR - __main__:55 - stop_bot - Бот остановлен! 
2025-03-11 20:49:38 - ERROR - __main__:36 - start_bot - Не удалось отправить сообщение админу 344334: Telegram server says - Bad Request: chat not found 
2025-03-11 20:49:38 - INFO - __main__:38 - start_bot - Бот успешно запущен. 
2025-03-11 20:56:03 - ERROR - __main__:53 - stop_bot - Не удалось отправить сообщение админу 344334 об остановке бота: Telegram server says - Bad Request: chat not found 
2025-03-11 20:56:03 - ERROR - __main__:55 - stop_bot - Бот остановлен! 
2025-03-11 20:56:14 - ERROR - __main__:36 - start_bot - Не удалось отправить сообщение админу 344334: Telegram server says - Bad Request: chat not found 
2025-03-11 20:56:14 - INFO - __main__:38 - start_bot - Бот успешно запущен. 
2025-03-11 20:56:39 - ERROR - __main__:53 - stop_bot - Не удалось отправить сообщение админу 344334 об остановке бота: Telegram server says - Bad Request: chat not found 
2025-03-11 20:56:39 - ERROR - __main__:55 - stop_bot - Бот остановлен! 
2025-03-11 20:56:45 - ERROR - __main__:36 - start_bot - Не удалось отправить сообщение админу 344334: Telegram server says - Bad Request: chat not found 
2025-03-11 20:56:45 - INFO - __main__:38 - start_bot - Бот успешно запущен. 
2025-03-11 20:56:49 - INFO - bot.dao.base:57 - find_one_or_none - Поиск одной записи User по фильтрам: {'telegram_id': 439653349} 
2025-03-11 20:56:49 - INFO - bot.dao.base:63 - find_one_or_none - Запись найдена по фильтрам: {'telegram_id': 439653349} 
2025-03-11 20:57:36 - DEBUG - bot.application_form.router:233 - photo_message - Извлек ID фотографии - AgACAgIAAxkBAAILvmfQXnGYkXlJ17xn7M7TpXwN9n5BAAIU7TEbQ66JSjlG83uyXZnvAQADAgADeQADNgQ 
2025-03-11 20:57:36 - DEBUG - bot.application_form.router:247 - photo_message - Добавил данные в FSM ['AgACAgIAAxkBAAILvmfQXnGYkXlJ17xn7M7TpXwN9n5BAAIU7TEbQ66JSjlG83uyXZnvAQADAgADeQADNgQ'] 
2025-03-11 20:57:37 - DEBUG - bot.application_form.router:233 - photo_message - Извлек ID фотографии - AgACAgIAAxkBAAIL9GfQZt-sOiZJb3jL4ZNd5vIVUHihAAJZ7TEbQ66JSjwFhBt1FevsAQADAgADbQADNgQ 
2025-03-11 20:57:37 - DEBUG - bot.application_form.router:247 - photo_message - Добавил данные в FSM ['AgACAgIAAxkBAAILvmfQXnGYkXlJ17xn7M7TpXwN9n5BAAIU7TEbQ66JSjlG83uyXZnvAQADAgADeQADNgQ', 'AgACAgIAAxkBAAIL9GfQZt-sOiZJb3jL4ZNd5vIVUHihAAJZ7TEbQ66JSjwFhBt1FevsAQADAgADbQADNgQ'] 
2025-03-11 20:59:48 - DEBUG - bot.application_form.router:608 - video_message - Извлек ID видео - BAACAgIAAxkBAAIMt2fQehNYSF6x4-M6tb5Gd4cMxQOcAAJ9bwACQ66JSr_fTPtTcD2XNgQ 
2025-03-11 20:59:48 - INFO - bot.dao.base:57 - find_one_or_none - Поиск одной записи User по фильтрам: {'telegram_id': 439653349} 
2025-03-11 20:59:48 - INFO - bot.dao.base:63 - find_one_or_none - Запись найдена по фильтрам: {'telegram_id': 439653349} 
2025-03-11 20:59:48 - INFO - bot.application_form.dao:48 - add - Добавление записи Application с параметрами: {'id': None, 'user_id': 41, 'status': <ApplicationStatus.PENDING: 'pending'>, 'created_at': None, 'updated_at': None} 
2025-03-11 20:59:48 - INFO - bot.application_form.dao:53 - add - Запись Application успешно добавлена. 
2025-03-11 20:59:48 - DEBUG - bot.application_form.router:635 - video_message - Создал заявку - 17 
2025-03-11 20:59:48 - INFO - bot.dao.base:108 - add - Добавление записи Photo с параметрами: {'file_id': 'AgACAgIAAxkBAAILvmfQXnGYkXlJ17xn7M7TpXwN9n5BAAIU7TEbQ66JSjlG83uyXZnvAQADAgADeQADNgQ', 'application_id': 17} 
2025-03-11 20:59:48 - INFO - bot.dao.base:113 - add - Запись Photo успешно добавлена. 
2025-03-11 20:59:48 - INFO - bot.dao.base:108 - add - Добавление записи Photo с параметрами: {'file_id': 'AgACAgIAAxkBAAIL9GfQZt-sOiZJb3jL4ZNd5vIVUHihAAJZ7TEbQ66JSjwFhBt1FevsAQADAgADbQADNgQ', 'application_id': 17} 
2025-03-11 20:59:48 - INFO - bot.dao.base:113 - add - Запись Photo успешно добавлена. 
2025-03-11 20:59:48 - INFO - bot.dao.base:108 - add - Добавление записи Video с параметрами: {'file_id': 'BAACAgIAAxkBAAIMt2fQehNYSF6x4-M6tb5Gd4cMxQOcAAJ9bwACQ66JSr_fTPtTcD2XNgQ', 'application_id': 17} 
2025-03-11 20:59:48 - INFO - bot.dao.base:113 - add - Запись Video успешно добавлена. 
2025-03-11 20:59:48 - INFO - bot.dao.base:108 - add - Добавление записи BankDebt с параметрами: {'bank_name': 'CБер банк', 'total_amount': 232525.0, 'application_id': 17} 
2025-03-11 20:59:48 - INFO - bot.dao.base:113 - add - Запись BankDebt успешно добавлена. 
2025-03-11 20:59:48 - INFO - bot.dao.base:108 - add - Добавление записи BankDebt с параметрами: {'bank_name': 'ТИнькоф', 'total_amount': 56845646.0, 'application_id': 17} 
2025-03-11 20:59:48 - INFO - bot.dao.base:113 - add - Запись BankDebt успешно добавлена. 
2025-03-11 20:59:49 - INFO - bot.application_form.router:687 - video_message - Заявка 17 успешно добавлена в базу данных. 
2025-03-11 21:00:00 - INFO - bot.dao.base:57 - find_one_or_none - Поиск одной записи User по фильтрам: {'telegram_id': 7687848421} 
2025-03-11 21:00:00 - INFO - bot.dao.base:65 - find_one_or_none - Запись не найдена по фильтрам: {'telegram_id': 7687848421} 
2025-03-11 21:00:00 - ERROR - bot.application_form.router:761 - approve_form_callback - Ошибка при обработке запроса: 'NoneType' object is not subscriptable 
2025-03-11 21:04:21 - ERROR - __main__:53 - stop_bot - Не удалось отправить сообщение админу 344334 об остановке бота: Telegram server says - Bad Request: chat not found 
2025-03-11 21:04:21 - ERROR - __main__:55 - stop_bot - Бот остановлен! 
2025-03-11 21:04:28 - ERROR - __main__:36 - start_bot - Не удалось отправить сообщение админу 344334: Telegram server says - Bad Request: chat not found 
2025-03-11 21:04:28 - INFO - __main__:38 - start_bot - Бот успешно запущен. 
2025-03-11 21:04:41 - INFO - bot.dao.base:57 - find_one_or_none - Поиск одной записи User по фильтрам: {'telegram_id': 439653349} 
2025-03-11 21:04:42 - INFO - bot.dao.base:63 - find_one_or_none - Запись найдена по фильтрам: {'telegram_id': 439653349} 
2025-03-11 21:05:47 - ERROR - __main__:53 - stop_bot - Не удалось отправить сообщение админу 344334 об остановке бота: Telegram server says - Bad Request: chat not found 
2025-03-11 21:05:47 - ERROR - __main__:55 - stop_bot - Бот остановлен! 
2025-03-11 21:05:52 - ERROR - __main__:36 - start_bot - Не удалось отправить сообщение админу 344334: Telegram server says - Bad Request: chat not found 
2025-03-11 21:05:52 - INFO - __main__:38 - start_bot - Бот успешно запущен. 
2025-03-11 21:06:03 - ERROR - __main__:53 - stop_bot - Не удалось отправить сообщение админу 344334 об остановке бота: Telegram server says - Bad Request: chat not found 
2025-03-11 21:06:03 - ERROR - __main__:55 - stop_bot - Бот остановлен! 
2025-03-11 21:06:07 - ERROR - __main__:36 - start_bot - Не удалось отправить сообщение админу 344334: Telegram server says - Bad Request: chat not found 
2025-03-11 21:06:07 - INFO - __main__:38 - start_bot - Бот успешно запущен. 
2025-03-11 21:06:10 - INFO - bot.dao.base:57 - find_one_or_none - Поиск одной записи User по фильтрам: {'telegram_id': 439653349} 
2025-03-11 21:06:11 - INFO - bot.dao.base:63 - find_one_or_none - Запись найдена по фильтрам: {'telegram_id': 439653349} 
2025-03-11 21:06:50 - DEBUG - bot.application_form.router:233 - photo_message - Извлек ID фотографии - AgACAgIAAxkBAAILvmfQXnGYkXlJ17xn7M7TpXwN9n5BAAIU7TEbQ66JSjlG83uyXZnvAQADAgADeQADNgQ 
2025-03-11 21:06:50 - DEBUG - bot.application_form.router:247 - photo_message - Добавил данные в FSM ['AgACAgIAAxkBAAILvmfQXnGYkXlJ17xn7M7TpXwN9n5BAAIU7TEbQ66JSjlG83uyXZnvAQADAgADeQADNgQ'] 
2025-03-11 21:07:21 - DEBUG - bot.application_form.router:608 - video_message - Извлек ID видео - BAACAgIAAxkBAAIM52fQe9gMzYvwhRSL_55MDQqyi9BgAAKHbwACQ66JSma6wNPG8YqONgQ 
2025-03-11 21:07:21 - INFO - bot.dao.base:57 - find_one_or_none - Поиск одной записи User по фильтрам: {'telegram_id': 439653349} 
2025-03-11 21:07:21 - INFO - bot.dao.base:63 - find_one_or_none - Запись найдена по фильтрам: {'telegram_id': 439653349} 
2025-03-11 21:07:21 - INFO - bot.application_form.dao:48 - add - Добавление записи Application с параметрами: {'id': None, 'user_id': 41, 'status': <ApplicationStatus.PENDING: 'pending'>, 'created_at': None, 'updated_at': None} 
2025-03-11 21:07:21 - INFO - bot.application_form.dao:53 - add - Запись Application успешно добавлена. 
2025-03-11 21:07:21 - DEBUG - bot.application_form.router:635 - video_message - Создал заявку - 18 
2025-03-11 21:07:21 - INFO - bot.dao.base:108 - add - Добавление записи Photo с параметрами: {'file_id': 'AgACAgIAAxkBAAILvmfQXnGYkXlJ17xn7M7TpXwN9n5BAAIU7TEbQ66JSjlG83uyXZnvAQADAgADeQADNgQ', 'application_id': 18} 
2025-03-11 21:07:21 - INFO - bot.dao.base:113 - add - Запись Photo успешно добавлена. 
2025-03-11 21:07:21 - INFO - bot.dao.base:108 - add - Добавление записи Video с параметрами: {'file_id': 'BAACAgIAAxkBAAIM52fQe9gMzYvwhRSL_55MDQqyi9BgAAKHbwACQ66JSma6wNPG8YqONgQ', 'application_id': 18} 
2025-03-11 21:07:21 - INFO - bot.dao.base:113 - add - Запись Video успешно добавлена. 
2025-03-11 21:07:21 - INFO - bot.dao.base:108 - add - Добавление записи BankDebt с параметрами: {'bank_name': 'сбер', 'total_amount': 324252.0, 'application_id': 18} 
2025-03-11 21:07:21 - INFO - bot.dao.base:113 - add - Запись BankDebt успешно добавлена. 
2025-03-11 21:07:21 - INFO - bot.application_form.router:687 - video_message - Заявка 18 успешно добавлена в базу данных. 
2025-03-11 21:07:24 - INFO - bot.dao.base:57 - find_one_or_none - Поиск одной записи User по фильтрам: {'telegram_id': 439653349} 
2025-03-11 21:07:24 - INFO - bot.dao.base:63 - find_one_or_none - Запись найдена по фильтрам: {'telegram_id': 439653349} 
2025-03-11 21:07:24 - ERROR - bot.application_form.router:761 - approve_form_callback - Ошибка при обработке запроса: 'User' object is not subscriptable 
2025-03-11 21:08:37 - ERROR - __main__:53 - stop_bot - Не удалось отправить сообщение админу 344334 об остановке бота: Telegram server says - Bad Request: chat not found 
2025-03-11 21:08:37 - ERROR - __main__:55 - stop_bot - Бот остановлен! 
2025-03-11 21:08:44 - INFO - bot.dao.base:57 - find_one_or_none - Поиск одной записи User по фильтрам: {'telegram_id': 439653349} 
2025-03-11 21:08:44 - INFO - bot.dao.base:63 - find_one_or_none - Запись найдена по фильтрам: {'telegram_id': 439653349} 
2025-03-11 21:08:44 - INFO - bot.application_form.dao:73 - delete - Удаление записей Application по фильтру: {'id': 17, 'user_id': 41, 'status': <ApplicationStatus.PENDING: 'pending'>, 'created_at': datetime.datetime(2025, 3, 11, 20, 59, 48, 666416), 'updated_at': datetime.datetime(2025, 3, 11, 20, 59, 48, 666416)} 
2025-03-11 21:08:44 - INFO - bot.application_form.dao:82 - delete - Удалено 1 записей. 
2025-03-11 21:09:04 - INFO - bot.dao.base:57 - find_one_or_none - Поиск одной записи User по фильтрам: {'telegram_id': 439653349} 
2025-03-11 21:09:04 - INFO - bot.dao.base:63 - find_one_or_none - Запись найдена по фильтрам: {'telegram_id': 439653349} 
2025-03-11 21:09:04 - INFO - bot.application_form.dao:73 - delete - Удаление записей Application по фильтру: {'id': 18, 'user_id': 41, 'status': <ApplicationStatus.PENDING: 'pending'>, 'created_at': datetime.datetime(2025, 3, 11, 21, 7, 21, 480161), 'updated_at': datetime.datetime(2025, 3, 11, 21, 7, 21, 480161)} 
2025-03-11 21:09:04 - INFO - bot.application_form.dao:82 - delete - Удалено 1 записей. 
2025-03-11 21:09:09 - INFO - bot.dao.base:57 - find_one_or_none - Поиск одной записи User по фильтрам: {'telegram_id': 439653349} 
2025-03-11 21:09:09 - INFO - bot.dao.base:63 - find_one_or_none - Запись найдена по фильтрам: {'telegram_id': 439653349} 
2025-03-11 21:09:44 - INFO - bot.dao.base:57 - find_one_or_none - Поиск одной записи User по фильтрам: {'telegram_id': 439653349} 
2025-03-11 21:09:44 - INFO - bot.dao.base:63 - find_one_or_none - Запись найдена по фильтрам: {'telegram_id': 439653349} 
2025-03-11 21:09:57 - INFO - bot.dao.base:57 - find_one_or_none - Поиск одной записи User по фильтрам: {'telegram_id': 439653349} 
2025-03-11 21:09:58 - INFO - bot.dao.base:63 - find_one_or_none - Запись найдена по фильтрам: {'telegram_id': 439653349} 
2025-03-11 21:10:05 - INFO - bot.dao.base:57 - find_one_or_none - Поиск одной записи User по фильтрам: {'telegram_id': 439653349} 
2025-03-11 21:10:05 - INFO - bot.dao.base:63 - find_one_or_none - Запись найдена по фильтрам: {'telegram_id': 439653349} 
2025-03-11 21:10:05 - INFO - bot.application_form.dao:73 - delete - Удаление записей Application по фильтру: {'id': 15, 'user_id': 41, 'status': <ApplicationStatus.PENDING: 'pending'>, 'created_at': datetime.datetime(2025, 3, 11, 19, 56, 56, 649327), 'updated_at': datetime.datetime(2025, 3, 11, 19, 56, 56, 649327)} 
2025-03-11 21:10:05 - INFO - bot.application_form.dao:82 - delete - Удалено 1 записей. 
2025-03-11 21:12:23 - INFO - bot.dao.base:57 - find_one_or_none - Поиск одной записи User по фильтрам: {'telegram_id': 439653349} 
2025-03-11 21:12:23 - INFO - bot.dao.base:63 - find_one_or_none - Запись найдена по фильтрам: {'telegram_id': 439653349} 
2025-03-11 21:12:52 - INFO - bot.dao.base:57 - find_one_or_none - Поиск одной записи User по фильтрам: {'telegram_id': 439653349} 
2025-03-11 21:12:52 - INFO - bot.dao.base:63 - find_one_or_none - Запись найдена по фильтрам: {'telegram_id': 439653349} 
2025-03-11 21:13:06 - INFO - bot.dao.base:57 - find_one_or_none - Поиск одной записи User по фильтрам: {'telegram_id': 439653349} 
2025-03-11 21:13:06 - INFO - bot.dao.base:63 - find_one_or_none - Запись найдена по фильтрам: {'telegram_id': 439653349} 
2025-03-11 21:13:15 - ERROR - __main__:36 - start_bot - Не удалось отправить сообщение админу 344334: Telegram server says - Bad Request: chat not found 
2025-03-11 21:13:15 - INFO - __main__:38 - start_bot - Бот успешно запущен. 
2025-03-11 21:13:20 - INFO - bot.dao.base:57 - find_one_or_none - Поиск одной записи User по фильтрам: {'telegram_id': 439653349} 
2025-03-11 21:13:20 - INFO - bot.dao.base:63 - find_one_or_none - Запись найдена по фильтрам: {'telegram_id': 439653349} 
2025-03-11 21:14:01 - ERROR - bot.application_form.router:194 - owner_callback - Ошибка при обработке запроса: Telegram server says - Bad Request: message to delete not found 
2025-03-11 21:14:07 - DEBUG - bot.application_form.router:233 - photo_message - Извлек ID фотографии - AgACAgIAAxkBAAILvmfQXnGYkXlJ17xn7M7TpXwN9n5BAAIU7TEbQ66JSjlG83uyXZnvAQADAgADeQADNgQ 
2025-03-11 21:14:07 - DEBUG - bot.application_form.router:247 - photo_message - Добавил данные в FSM ['AgACAgIAAxkBAAILvmfQXnGYkXlJ17xn7M7TpXwN9n5BAAIU7TEbQ66JSjlG83uyXZnvAQADAgADeQADNgQ'] 
2025-03-11 21:14:38 - DEBUG - bot.application_form.router:608 - video_message - Извлек ID видео - BAACAgIAAxkBAAINBGfQfY0CD-3oYKf6IZlb5HBZqVUzAAKdbwACQ66JSmYUFOkFsi6nNgQ 
2025-03-11 21:14:38 - INFO - bot.dao.base:57 - find_one_or_none - Поиск одной записи User по фильтрам: {'telegram_id': 439653349} 
2025-03-11 21:14:38 - INFO - bot.dao.base:63 - find_one_or_none - Запись найдена по фильтрам: {'telegram_id': 439653349} 
2025-03-11 21:14:38 - INFO - bot.application_form.dao:48 - add - Добавление записи Application с параметрами: {'id': None, 'user_id': 41, 'status': <ApplicationStatus.PENDING: 'pending'>, 'created_at': None, 'updated_at': None} 
2025-03-11 21:14:38 - INFO - bot.application_form.dao:53 - add - Запись Application успешно добавлена. 
2025-03-11 21:14:38 - DEBUG - bot.application_form.router:635 - video_message - Создал заявку - 19 
2025-03-11 21:14:38 - INFO - bot.dao.base:108 - add - Добавление записи Photo с параметрами: {'file_id': 'AgACAgIAAxkBAAILvmfQXnGYkXlJ17xn7M7TpXwN9n5BAAIU7TEbQ66JSjlG83uyXZnvAQADAgADeQADNgQ', 'application_id': 19} 
2025-03-11 21:14:38 - INFO - bot.dao.base:113 - add - Запись Photo успешно добавлена. 
2025-03-11 21:14:38 - INFO - bot.dao.base:108 - add - Добавление записи Video с параметрами: {'file_id': 'BAACAgIAAxkBAAINBGfQfY0CD-3oYKf6IZlb5HBZqVUzAAKdbwACQ66JSmYUFOkFsi6nNgQ', 'application_id': 19} 
2025-03-11 21:14:38 - INFO - bot.dao.base:113 - add - Запись Video успешно добавлена. 
2025-03-11 21:14:38 - INFO - bot.dao.base:108 - add - Добавление записи BankDebt с параметрами: {'bank_name': 'Сбер', 'total_amount': 2356.0, 'application_id': 19} 
2025-03-11 21:14:38 - INFO - bot.dao.base:113 - add - Запись BankDebt успешно добавлена. 
2025-03-11 21:14:38 - INFO - bot.application_form.router:687 - video_message - Заявка 19 успешно добавлена в базу данных. 
2025-03-11 21:14:44 - INFO - bot.dao.base:57 - find_one_or_none - Поиск одной записи User по фильтрам: {'telegram_id': 439653349} 
2025-03-11 21:14:44 - INFO - bot.dao.base:63 - find_one_or_none - Запись найдена по фильтрам: {'telegram_id': 439653349} 
2025-03-11 21:14:44 - ERROR - bot.application_form.router:762 - approve_form_callback - Ошибка при обработке запроса: 'User' object is not subscriptable 
2025-03-11 21:15:46 - ERROR - __main__:53 - stop_bot - Не удалось отправить сообщение админу 344334 об остановке бота: Telegram server says - Bad Request: chat not found 
2025-03-11 21:15:46 - ERROR - __main__:55 - stop_bot - Бот остановлен! 
2025-03-11 21:15:51 - ERROR - __main__:36 - start_bot - Не удалось отправить сообщение админу 344334: Telegram server says - Bad Request: chat not found 
2025-03-11 21:15:51 - INFO - __main__:38 - start_bot - Бот успешно запущен. 
2025-03-11 21:15:54 - INFO - bot.dao.base:57 - find_one_or_none - Поиск одной записи User по фильтрам: {'telegram_id': 439653349} 
2025-03-11 21:15:54 - INFO - bot.dao.base:63 - find_one_or_none - Запись найдена по фильтрам: {'telegram_id': 439653349} 
2025-03-11 21:16:29 - DEBUG - bot.application_form.router:233 - photo_message - Извлек ID фотографии - AgACAgIAAxkBAAILvmfQXnGYkXlJ17xn7M7TpXwN9n5BAAIU7TEbQ66JSjlG83uyXZnvAQADAgADeQADNgQ 
2025-03-11 21:16:29 - DEBUG - bot.application_form.router:247 - photo_message - Добавил данные в FSM ['AgACAgIAAxkBAAILvmfQXnGYkXlJ17xn7M7TpXwN9n5BAAIU7TEbQ66JSjlG83uyXZnvAQADAgADeQADNgQ'] 
2025-03-11 21:17:11 - DEBUG - bot.application_form.router:608 - video_message - Извлек ID видео - BAACAgIAAxkBAAINIGfQfibFMIrohfYpUqBgv4JrfwgBAAKkbwACQ66JSkYz0UlpHXsXNgQ 
2025-03-11 21:17:11 - INFO - bot.dao.base:57 - find_one_or_none - Поиск одной записи User по фильтрам: {'telegram_id': 439653349} 
2025-03-11 21:17:11 - INFO - bot.dao.base:63 - find_one_or_none - Запись найдена по фильтрам: {'telegram_id': 439653349} 
2025-03-11 21:17:11 - INFO - bot.application_form.dao:48 - add - Добавление записи Application с параметрами: {'id': None, 'user_id': 41, 'status': <ApplicationStatus.PENDING: 'pending'>, 'created_at': None, 'updated_at': None} 
2025-03-11 21:17:11 - INFO - bot.application_form.dao:53 - add - Запись Application успешно добавлена. 
2025-03-11 21:17:11 - DEBUG - bot.application_form.router:635 - video_message - Создал заявку - 20 
2025-03-11 21:17:11 - INFO - bot.dao.base:108 - add - Добавление записи Photo с параметрами: {'file_id': 'AgACAgIAAxkBAAILvmfQXnGYkXlJ17xn7M7TpXwN9n5BAAIU7TEbQ66JSjlG83uyXZnvAQADAgADeQADNgQ', 'application_id': 20} 
2025-03-11 21:17:11 - INFO - bot.dao.base:113 - add - Запись Photo успешно добавлена. 
2025-03-11 21:17:11 - INFO - bot.dao.base:108 - add - Добавление записи Video с параметрами: {'file_id': 'BAACAgIAAxkBAAINIGfQfibFMIrohfYpUqBgv4JrfwgBAAKkbwACQ66JSkYz0UlpHXsXNgQ', 'application_id': 20} 
2025-03-11 21:17:11 - INFO - bot.dao.base:113 - add - Запись Video успешно добавлена. 
2025-03-11 21:17:11 - INFO - bot.dao.base:108 - add - Добавление записи BankDebt с параметрами: {'bank_name': 'C,th', 'total_amount': 2525.0, 'application_id': 20} 
2025-03-11 21:17:11 - INFO - bot.dao.base:113 - add - Запись BankDebt успешно добавлена. 
2025-03-11 21:17:11 - INFO - bot.application_form.router:687 - video_message - Заявка 20 успешно добавлена в базу данных. 
2025-03-11 21:17:14 - INFO - bot.dao.base:57 - find_one_or_none - Поиск одной записи User по фильтрам: {'telegram_id': 439653349} 
2025-03-11 21:17:14 - INFO - bot.dao.base:63 - find_one_or_none - Запись найдена по фильтрам: {'telegram_id': 439653349} 
2025-03-11 21:17:17 - ERROR - bot.application_form.router:762 - approve_form_callback - Ошибка при обработке запроса: 'InstrumentedList' object has no attribute 'file_id' 
2025-03-11 21:19:30 - ERROR - __main__:53 - stop_bot - Не удалось отправить сообщение админу 344334 об остановке бота: Telegram server says - Bad Request: chat not found 
2025-03-11 21:19:30 - ERROR - __main__:55 - stop_bot - Бот остановлен! 
2025-03-11 21:19:34 - INFO - bot.dao.base:57 - find_one_or_none - Поиск одной записи User по фильтрам: {'telegram_id': 439653349} 
2025-03-11 21:19:34 - INFO - bot.dao.base:63 - find_one_or_none - Запись найдена по фильтрам: {'telegram_id': 439653349} 
2025-03-11 21:19:59 - INFO - bot.dao.base:57 - find_one_or_none - Поиск одной записи User по фильтрам: {'telegram_id': 439653349} 
2025-03-11 21:19:59 - INFO - bot.dao.base:63 - find_one_or_none - Запись найдена по фильтрам: {'telegram_id': 439653349} 
2025-03-11 21:20:43 - INFO - bot.dao.base:57 - find_one_or_none - Поиск одной записи User по фильтрам: {'telegram_id': 439653349} 
2025-03-11 21:20:43 - INFO - bot.dao.base:63 - find_one_or_none - Запись найдена по фильтрам: {'telegram_id': 439653349} 
2025-03-11 21:23:01 - INFO - bot.dao.base:57 - find_one_or_none - Поиск одной записи User по фильтрам: {'telegram_id': 439653349} 
2025-03-11 21:23:01 - INFO - bot.dao.base:63 - find_one_or_none - Запись найдена по фильтрам: {'telegram_id': 439653349} 
2025-03-11 21:23:25 - ERROR - __main__:36 - start_bot - Не удалось отправить сообщение админу 344334: Telegram server says - Bad Request: chat not found 
2025-03-11 21:23:25 - INFO - __main__:38 - start_bot - Бот успешно запущен. 
2025-03-11 21:24:17 - INFO - bot.dao.base:57 - find_one_or_none - Поиск одной записи User по фильтрам: {'telegram_id': 590137124} 
2025-03-11 21:24:17 - INFO - bot.dao.base:65 - find_one_or_none - Запись не найдена по фильтрам: {'telegram_id': 590137124} 
2025-03-11 21:24:17 - INFO - bot.dao.base:108 - add - Добавление записи User с параметрами: {'telegram_id': 590137124, 'username': 'KatherineGlebova', 'first_name': 'Katerina', 'last_name': None, 'referral_id': None} 
2025-03-11 21:24:17 - INFO - bot.dao.base:113 - add - Запись User успешно добавлена. 
2025-03-11 21:24:37 - INFO - bot.dao.base:57 - find_one_or_none - Поиск одной записи User по фильтрам: {'telegram_id': 439653349} 
2025-03-11 21:24:37 - INFO - bot.dao.base:63 - find_one_or_none - Запись найдена по фильтрам: {'telegram_id': 439653349} 
2025-03-11 21:25:18 - DEBUG - bot.application_form.router:233 - photo_message - Извлек ID фотографии - AgACAgIAAxkBAAINRmfQgA5RdjKBoJ7quyV02dRuKyp6AAJb7jEbQ66JSkilez9hRASnAQADAgADeQADNgQ 
2025-03-11 21:25:18 - DEBUG - bot.application_form.router:247 - photo_message - Добавил данные в FSM ['AgACAgIAAxkBAAINRmfQgA5RdjKBoJ7quyV02dRuKyp6AAJb7jEbQ66JSkilez9hRASnAQADAgADeQADNgQ'] 
2025-03-11 21:25:19 - DEBUG - bot.application_form.router:233 - photo_message - Извлек ID фотографии - AgACAgIAAxkBAAINR2fQgA4vuflidI4pSLawBR7CuNQqAAJc7jEbQ66JSqAzfxB1KzqUAQADAgADeQADNgQ 
2025-03-11 21:25:19 - DEBUG - bot.application_form.router:247 - photo_message - Добавил данные в FSM ['AgACAgIAAxkBAAINRmfQgA5RdjKBoJ7quyV02dRuKyp6AAJb7jEbQ66JSkilez9hRASnAQADAgADeQADNgQ', 'AgACAgIAAxkBAAINR2fQgA4vuflidI4pSLawBR7CuNQqAAJc7jEbQ66JSqAzfxB1KzqUAQADAgADeQADNgQ'] 
2025-03-11 21:25:30 - DEBUG - bot.application_form.router:233 - photo_message - Извлек ID фотографии - AgACAgIAAxkBAAINSmfQgBoItzCW1pTKxJOqzGaHGXb3AAKF6TEbkgiASkapy4SAZyu6AQADAgADeQADNgQ 
2025-03-11 21:25:30 - DEBUG - bot.application_form.router:247 - photo_message - Добавил данные в FSM ['AgACAgIAAxkBAAINSmfQgBoItzCW1pTKxJOqzGaHGXb3AAKF6TEbkgiASkapy4SAZyu6AQADAgADeQADNgQ'] 
2025-03-11 21:26:12 - ERROR - bot.application_form.router:256 - photo_message - Ошибка при обработке фото: HTTP Client says - ClientOSError: [Errno 104] Connection reset by peer 
2025-03-11 21:26:24 - DEBUG - bot.application_form.router:233 - photo_message - Извлек ID фотографии - AgACAgIAAxkBAAINSmfQgBoItzCW1pTKxJOqzGaHGXb3AAKF6TEbkgiASkapy4SAZyu6AQADAgADeQADNgQ 
2025-03-11 21:26:24 - WARNING - bot.application_form.router:243 - photo_message - Попытка добавить одинаковое фото 
2025-03-11 21:26:24 - DEBUG - bot.application_form.router:247 - photo_message - Добавил данные в FSM ['AgACAgIAAxkBAAINSmfQgBoItzCW1pTKxJOqzGaHGXb3AAKF6TEbkgiASkapy4SAZyu6AQADAgADeQADNgQ'] 
2025-03-11 21:26:50 - DEBUG - bot.application_form.router:608 - video_message - Извлек ID видео - BAACAgIAAxkBAAINUmfQgGrQiDa77Xcibdm_NPF2nJBrAALGbwACQ66JSnheUdoV1_TnNgQ 
2025-03-11 21:26:50 - INFO - bot.dao.base:57 - find_one_or_none - Поиск одной записи User по фильтрам: {'telegram_id': 439653349} 
2025-03-11 21:26:50 - INFO - bot.dao.base:63 - find_one_or_none - Запись найдена по фильтрам: {'telegram_id': 439653349} 
2025-03-11 21:26:50 - INFO - bot.application_form.dao:48 - add - Добавление записи Application с параметрами: {'id': None, 'user_id': 41, 'status': <ApplicationStatus.PENDING: 'pending'>, 'created_at': None, 'updated_at': None} 
2025-03-11 21:26:50 - INFO - bot.application_form.dao:53 - add - Запись Application успешно добавлена. 
2025-03-11 21:26:50 - DEBUG - bot.application_form.router:635 - video_message - Создал заявку - 21 
2025-03-11 21:26:50 - INFO - bot.dao.base:108 - add - Добавление записи Photo с параметрами: {'file_id': 'AgACAgIAAxkBAAINRmfQgA5RdjKBoJ7quyV02dRuKyp6AAJb7jEbQ66JSkilez9hRASnAQADAgADeQADNgQ', 'application_id': 21} 
2025-03-11 21:26:50 - INFO - bot.dao.base:113 - add - Запись Photo успешно добавлена. 
2025-03-11 21:26:50 - INFO - bot.dao.base:108 - add - Добавление записи Photo с параметрами: {'file_id': 'AgACAgIAAxkBAAINR2fQgA4vuflidI4pSLawBR7CuNQqAAJc7jEbQ66JSqAzfxB1KzqUAQADAgADeQADNgQ', 'application_id': 21} 
2025-03-11 21:26:50 - INFO - bot.dao.base:113 - add - Запись Photo успешно добавлена. 
2025-03-11 21:26:50 - INFO - bot.dao.base:108 - add - Добавление записи Video с параметрами: {'file_id': 'BAACAgIAAxkBAAINUmfQgGrQiDa77Xcibdm_NPF2nJBrAALGbwACQ66JSnheUdoV1_TnNgQ', 'application_id': 21} 
2025-03-11 21:26:50 - INFO - bot.dao.base:113 - add - Запись Video успешно добавлена. 
2025-03-11 21:26:50 - INFO - bot.dao.base:108 - add - Добавление записи BankDebt с параметрами: {'bank_name': 'Сбер', 'total_amount': 3444.0, 'application_id': 21} 
2025-03-11 21:26:50 - INFO - bot.dao.base:113 - add - Запись BankDebt успешно добавлена. 
2025-03-11 21:26:51 - INFO - bot.application_form.router:687 - video_message - Заявка 21 успешно добавлена в базу данных. 
2025-03-11 21:26:57 - INFO - bot.dao.base:57 - find_one_or_none - Поиск одной записи User по фильтрам: {'telegram_id': 439653349} 
2025-03-11 21:26:57 - INFO - bot.dao.base:63 - find_one_or_none - Запись найдена по фильтрам: {'telegram_id': 439653349} 
2025-03-11 21:27:50 - DEBUG - bot.application_form.router:233 - photo_message - Извлек ID фотографии - AgACAgIAAxkBAAINSmfQgBoItzCW1pTKxJOqzGaHGXb3AAKF6TEbkgiASkapy4SAZyu6AQADAgADeQADNgQ 
2025-03-11 21:27:50 - WARNING - bot.application_form.router:243 - photo_message - Попытка добавить одинаковое фото 
2025-03-11 21:27:50 - DEBUG - bot.application_form.router:247 - photo_message - Добавил данные в FSM ['AgACAgIAAxkBAAINSmfQgBoItzCW1pTKxJOqzGaHGXb3AAKF6TEbkgiASkapy4SAZyu6AQADAgADeQADNgQ'] 
2025-03-11 21:28:11 - INFO - bot.dao.base:57 - find_one_or_none - Поиск одной записи User по фильтрам: {'telegram_id': 590137124} 
2025-03-11 21:28:11 - INFO - bot.dao.base:63 - find_one_or_none - Запись найдена по фильтрам: {'telegram_id': 590137124} 
2025-03-11 21:28:53 - DEBUG - bot.application_form.router:233 - photo_message - Извлек ID фотографии - AgACAgIAAxkBAAINSmfQgBoItzCW1pTKxJOqzGaHGXb3AAKF6TEbkgiASkapy4SAZyu6AQADAgADeQADNgQ 
2025-03-11 21:28:53 - DEBUG - bot.application_form.router:247 - photo_message - Добавил данные в FSM ['AgACAgIAAxkBAAINSmfQgBoItzCW1pTKxJOqzGaHGXb3AAKF6TEbkgiASkapy4SAZyu6AQADAgADeQADNgQ'] 
2025-03-11 21:29:31 - DEBUG - bot.application_form.router:608 - video_message - Извлек ID видео - BAACAgIAAxkBAAINc2fQgQo9R17eMTYqa_yd-7TEy9K2AAJmbQACkgiASqlfLX_1vUxENgQ 
2025-03-11 21:29:31 - INFO - bot.dao.base:57 - find_one_or_none - Поиск одной записи User по фильтрам: {'telegram_id': 590137124} 
2025-03-11 21:29:31 - INFO - bot.dao.base:63 - find_one_or_none - Запись найдена по фильтрам: {'telegram_id': 590137124} 
2025-03-11 21:29:31 - INFO - bot.application_form.dao:48 - add - Добавление записи Application с параметрами: {'id': None, 'user_id': 42, 'status': <ApplicationStatus.PENDING: 'pending'>, 'created_at': None, 'updated_at': None} 
2025-03-11 21:29:31 - INFO - bot.application_form.dao:53 - add - Запись Application успешно добавлена. 
2025-03-11 21:29:31 - DEBUG - bot.application_form.router:635 - video_message - Создал заявку - 22 
2025-03-11 21:29:31 - INFO - bot.dao.base:108 - add - Добавление записи Photo с параметрами: {'file_id': 'AgACAgIAAxkBAAINSmfQgBoItzCW1pTKxJOqzGaHGXb3AAKF6TEbkgiASkapy4SAZyu6AQADAgADeQADNgQ', 'application_id': 22} 
2025-03-11 21:29:31 - INFO - bot.dao.base:113 - add - Запись Photo успешно добавлена. 
2025-03-11 21:29:31 - INFO - bot.dao.base:108 - add - Добавление записи Video с параметрами: {'file_id': 'BAACAgIAAxkBAAINc2fQgQo9R17eMTYqa_yd-7TEy9K2AAJmbQACkgiASqlfLX_1vUxENgQ', 'application_id': 22} 
2025-03-11 21:29:31 - INFO - bot.dao.base:113 - add - Запись Video успешно добавлена. 
2025-03-11 21:29:31 - INFO - bot.dao.base:108 - add - Добавление записи BankDebt с параметрами: {'bank_name': 'dfh', 'total_amount': 474.0, 'application_id': 22} 
2025-03-11 21:29:31 - INFO - bot.dao.base:113 - add - Запись BankDebt успешно добавлена. 
2025-03-11 21:29:32 - INFO - bot.application_form.router:687 - video_message - Заявка 22 успешно добавлена в базу данных. 
2025-03-11 21:29:34 - INFO - bot.dao.base:57 - find_one_or_none - Поиск одной записи User по фильтрам: {'telegram_id': 590137124} 
2025-03-11 21:29:34 - INFO - bot.dao.base:63 - find_one_or_none - Запись найдена по фильтрам: {'telegram_id': 590137124} 
2025-03-11 21:40:01 - ERROR - __main__:53 - stop_bot - Не удалось отправить сообщение админу 344334 об остановке бота: Telegram server says - Bad Request: chat not found 
2025-03-11 21:40:01 - ERROR - __main__:55 - stop_bot - Бот остановлен! 
2025-03-11 21:40:06 - ERROR - __main__:36 - start_bot - Не удалось отправить сообщение админу 344334: Telegram server says - Bad Request: chat not found 
2025-03-11 21:40:06 - INFO - __main__:38 - start_bot - Бот успешно запущен. 
2025-03-11 21:40:08 - ERROR - __main__:53 - stop_bot - Не удалось отправить сообщение админу 344334 об остановке бота: Telegram server says - Bad Request: chat not found 
2025-03-11 21:40:08 - ERROR - __main__:55 - stop_bot - Бот остановлен! 
2025-03-11 21:40:14 - ERROR - __main__:36 - start_bot - Не удалось отправить сообщение админу 344334: Telegram server says - Bad Request: chat not found 
2025-03-11 21:40:14 - INFO - __main__:38 - start_bot - Бот успешно запущен. 
2025-03-11 21:40:33 - INFO - bot.dao.base:57 - find_one_or_none - Поиск одной записи User по фильтрам: {'telegram_id': 590137124} 
2025-03-11 21:40:33 - INFO - bot.dao.base:63 - find_one_or_none - Запись найдена по фильтрам: {'telegram_id': 590137124} 
2025-03-11 21:40:40 - INFO - bot.dao.base:57 - find_one_or_none - Поиск одной записи User по фильтрам: {'telegram_id': 439653349} 
2025-03-11 21:40:40 - INFO - bot.dao.base:63 - find_one_or_none - Запись найдена по фильтрам: {'telegram_id': 439653349} 
2025-03-11 21:41:12 - DEBUG - bot.application_form.router:233 - photo_message - Извлек ID фотографии - AgACAgIAAxkBAAINSmfQgBoItzCW1pTKxJOqzGaHGXb3AAKF6TEbkgiASkapy4SAZyu6AQADAgADeQADNgQ 
2025-03-11 21:41:12 - DEBUG - bot.application_form.router:247 - photo_message - Добавил данные в FSM ['AgACAgIAAxkBAAINSmfQgBoItzCW1pTKxJOqzGaHGXb3AAKF6TEbkgiASkapy4SAZyu6AQADAgADeQADNgQ'] 
2025-03-11 21:42:13 - DEBUG - bot.application_form.router:608 - video_message - Извлек ID видео - BAACAgIAAxkBAAINomfQhASab35IoZARbClTuP-FO69lAAKWbQACkgiASpLgVAFD8NsJNgQ 
2025-03-11 21:42:13 - INFO - bot.dao.base:57 - find_one_or_none - Поиск одной записи User по фильтрам: {'telegram_id': 590137124} 
2025-03-11 21:42:13 - INFO - bot.dao.base:63 - find_one_or_none - Запись найдена по фильтрам: {'telegram_id': 590137124} 
2025-03-11 21:42:13 - INFO - bot.application_form.dao:48 - add - Добавление записи Application с параметрами: {'id': None, 'user_id': 42, 'status': <ApplicationStatus.PENDING: 'pending'>, 'created_at': None, 'updated_at': None} 
2025-03-11 21:42:13 - INFO - bot.application_form.dao:53 - add - Запись Application успешно добавлена. 
2025-03-11 21:42:13 - DEBUG - bot.application_form.router:635 - video_message - Создал заявку - 23 
2025-03-11 21:42:13 - INFO - bot.dao.base:108 - add - Добавление записи Photo с параметрами: {'file_id': 'AgACAgIAAxkBAAINSmfQgBoItzCW1pTKxJOqzGaHGXb3AAKF6TEbkgiASkapy4SAZyu6AQADAgADeQADNgQ', 'application_id': 23} 
2025-03-11 21:42:13 - INFO - bot.dao.base:113 - add - Запись Photo успешно добавлена. 
2025-03-11 21:42:13 - INFO - bot.dao.base:108 - add - Добавление записи Video с параметрами: {'file_id': 'BAACAgIAAxkBAAINomfQhASab35IoZARbClTuP-FO69lAAKWbQACkgiASpLgVAFD8NsJNgQ', 'application_id': 23} 
2025-03-11 21:42:13 - INFO - bot.dao.base:113 - add - Запись Video успешно добавлена. 
2025-03-11 21:42:13 - INFO - bot.dao.base:108 - add - Добавление записи BankDebt с параметрами: {'bank_name': 'Сбербанк', 'total_amount': 234444.0, 'application_id': 23} 
2025-03-11 21:42:13 - INFO - bot.dao.base:113 - add - Запись BankDebt успешно добавлена. 
2025-03-11 21:42:13 - INFO - bot.dao.base:108 - add - Добавление записи BankDebt с параметрами: {'bank_name': 'Альфа', 'total_amount': 2355.0, 'application_id': 23} 
2025-03-11 21:42:13 - INFO - bot.dao.base:113 - add - Запись BankDebt успешно добавлена. 
2025-03-11 21:42:14 - INFO - bot.application_form.router:687 - video_message - Заявка 23 успешно добавлена в базу данных. 
2025-03-11 21:42:22 - INFO - bot.dao.base:57 - find_one_or_none - Поиск одной записи User по фильтрам: {'telegram_id': 590137124} 
2025-03-11 21:42:22 - INFO - bot.dao.base:63 - find_one_or_none - Запись найдена по фильтрам: {'telegram_id': 590137124} 
2025-03-11 21:43:28 - INFO - bot.dao.base:57 - find_one_or_none - Поиск одной записи User по фильтрам: {'telegram_id': 590137124} 
2025-03-11 21:43:28 - INFO - bot.dao.base:63 - find_one_or_none - Запись найдена по фильтрам: {'telegram_id': 590137124} 
2025-03-11 21:44:09 - DEBUG - bot.application_form.router:233 - photo_message - Извлек ID фотографии - AgACAgIAAxkBAAINSmfQgBoItzCW1pTKxJOqzGaHGXb3AAKF6TEbkgiASkapy4SAZyu6AQADAgADeQADNgQ 
2025-03-11 21:44:09 - DEBUG - bot.application_form.router:247 - photo_message - Добавил данные в FSM ['AgACAgIAAxkBAAINSmfQgBoItzCW1pTKxJOqzGaHGXb3AAKF6TEbkgiASkapy4SAZyu6AQADAgADeQADNgQ'] 
2025-03-11 21:45:02 - DEBUG - bot.application_form.router:608 - video_message - Извлек ID видео - BAACAgIAAxkBAAINwGfQhK2oTQYdOKCsYb68Bi6sDGs7AAKlbQACkgiASuIYOFiF7PSENgQ 
2025-03-11 21:45:02 - INFO - bot.dao.base:57 - find_one_or_none - Поиск одной записи User по фильтрам: {'telegram_id': 590137124} 
2025-03-11 21:45:02 - INFO - bot.dao.base:63 - find_one_or_none - Запись найдена по фильтрам: {'telegram_id': 590137124} 
2025-03-11 21:45:02 - INFO - bot.application_form.dao:48 - add - Добавление записи Application с параметрами: {'id': None, 'user_id': 42, 'status': <ApplicationStatus.PENDING: 'pending'>, 'created_at': None, 'updated_at': None} 
2025-03-11 21:45:02 - INFO - bot.application_form.dao:53 - add - Запись Application успешно добавлена. 
2025-03-11 21:45:02 - DEBUG - bot.application_form.router:635 - video_message - Создал заявку - 24 
2025-03-11 21:45:02 - INFO - bot.dao.base:108 - add - Добавление записи Photo с параметрами: {'file_id': 'AgACAgIAAxkBAAINSmfQgBoItzCW1pTKxJOqzGaHGXb3AAKF6TEbkgiASkapy4SAZyu6AQADAgADeQADNgQ', 'application_id': 24} 
2025-03-11 21:45:02 - INFO - bot.dao.base:113 - add - Запись Photo успешно добавлена. 
2025-03-11 21:45:02 - INFO - bot.dao.base:108 - add - Добавление записи Video с параметрами: {'file_id': 'BAACAgIAAxkBAAINwGfQhK2oTQYdOKCsYb68Bi6sDGs7AAKlbQACkgiASuIYOFiF7PSENgQ', 'application_id': 24} 
2025-03-11 21:45:02 - INFO - bot.dao.base:113 - add - Запись Video успешно добавлена. 
2025-03-11 21:45:02 - INFO - bot.dao.base:108 - add - Добавление записи BankDebt с параметрами: {'bank_name': 'Альфа', 'total_amount': 4354567.0, 'application_id': 24} 
2025-03-11 21:45:02 - INFO - bot.dao.base:113 - add - Запись BankDebt успешно добавлена. 
2025-03-11 21:45:02 - INFO - bot.application_form.router:687 - video_message - Заявка 24 успешно добавлена в базу данных. 
2025-03-11 21:45:07 - INFO - bot.dao.base:57 - find_one_or_none - Поиск одной записи User по фильтрам: {'telegram_id': 590137124} 
2025-03-11 21:45:07 - INFO - bot.dao.base:63 - find_one_or_none - Запись найдена по фильтрам: {'telegram_id': 590137124} 
2025-03-11 21:45:07 - INFO - bot.application_form.dao:73 - delete - Удаление записей Application по фильтру: {'id': 24, 'user_id': 42, 'status': <ApplicationStatus.PENDING: 'pending'>, 'created_at': datetime.datetime(2025, 3, 11, 21, 45, 2, 8273), 'updated_at': datetime.datetime(2025, 3, 11, 21, 45, 2, 8273)} 
2025-03-11 21:45:07 - INFO - bot.application_form.dao:82 - delete - Удалено 1 записей. 
2025-03-11 21:45:14 - INFO - bot.dao.base:84 - find_all - Поиск всех записей Questions по фильтрам: {} 
2025-03-11 21:45:14 - INFO - bot.dao.base:89 - find_all - Найдено 3 записей. 
2025-03-11 21:45:40 - INFO - bot.dao.base:57 - find_one_or_none - Поиск одной записи User по фильтрам: {'telegram_id': 590137124} 
2025-03-11 21:45:40 - INFO - bot.dao.base:63 - find_one_or_none - Запись найдена по фильтрам: {'telegram_id': 590137124} 
2025-03-11 21:45:47 - INFO - bot.dao.base:57 - find_one_or_none - Поиск одной записи User по фильтрам: {'telegram_id': 439653349} 
2025-03-11 21:45:47 - INFO - bot.dao.base:63 - find_one_or_none - Запись найдена по фильтрам: {'telegram_id': 439653349} 
2025-03-11 21:46:27 - DEBUG - bot.application_form.router:233 - photo_message - Извлек ID фотографии - AgACAgIAAxkBAAIN4mfQhQJUVltFXPpDqEpyhJRKjx_dAAJ97jEbQ66JShTH-WOtp4izAQADAgADeQADNgQ 
2025-03-11 21:46:27 - DEBUG - bot.application_form.router:247 - photo_message - Добавил данные в FSM ['AgACAgIAAxkBAAIN4mfQhQJUVltFXPpDqEpyhJRKjx_dAAJ97jEbQ66JShTH-WOtp4izAQADAgADeQADNgQ'] 
2025-03-11 21:46:32 - DEBUG - bot.application_form.router:233 - photo_message - Извлек ID фотографии - AgACAgIAAxkBAAINSmfQgBoItzCW1pTKxJOqzGaHGXb3AAKF6TEbkgiASkapy4SAZyu6AQADAgADeQADNgQ 
2025-03-11 21:46:32 - DEBUG - bot.application_form.router:247 - photo_message - Добавил данные в FSM ['AgACAgIAAxkBAAINSmfQgBoItzCW1pTKxJOqzGaHGXb3AAKF6TEbkgiASkapy4SAZyu6AQADAgADeQADNgQ'] 
2025-03-11 21:46:46 - DEBUG - bot.application_form.router:233 - photo_message - Извлек ID фотографии - AgACAgIAAxkBAAIN6GfQhRarFzFU2DxLbdPS4XYAAU6FDQACp-kxG5IIgEp1D02I9YwV-gEAAwIAA20AAzYE 
2025-03-11 21:46:46 - DEBUG - bot.application_form.router:247 - photo_message - Добавил данные в FSM ['AgACAgIAAxkBAAINSmfQgBoItzCW1pTKxJOqzGaHGXb3AAKF6TEbkgiASkapy4SAZyu6AQADAgADeQADNgQ', 'AgACAgIAAxkBAAIN6GfQhRarFzFU2DxLbdPS4XYAAU6FDQACp-kxG5IIgEp1D02I9YwV-gEAAwIAA20AAzYE'] 
2025-03-11 21:48:18 - DEBUG - bot.application_form.router:608 - video_message - Извлек ID видео - BAACAgIAAxkBAAIN_2fQhXGphqRzj0cmfXflfkG_MY_-AAIIcAACQ66JSldofKoTn3MAATYE 
2025-03-11 21:48:18 - INFO - bot.dao.base:57 - find_one_or_none - Поиск одной записи User по фильтрам: {'telegram_id': 439653349} 
2025-03-11 21:48:18 - INFO - bot.dao.base:63 - find_one_or_none - Запись найдена по фильтрам: {'telegram_id': 439653349} 
2025-03-11 21:48:18 - INFO - bot.application_form.dao:48 - add - Добавление записи Application с параметрами: {'id': None, 'user_id': 41, 'status': <ApplicationStatus.PENDING: 'pending'>, 'created_at': None, 'updated_at': None} 
2025-03-11 21:48:18 - INFO - bot.application_form.dao:53 - add - Запись Application успешно добавлена. 
2025-03-11 21:48:18 - DEBUG - bot.application_form.router:635 - video_message - Создал заявку - 25 
2025-03-11 21:48:18 - INFO - bot.dao.base:108 - add - Добавление записи Photo с параметрами: {'file_id': 'AgACAgIAAxkBAAIN4mfQhQJUVltFXPpDqEpyhJRKjx_dAAJ97jEbQ66JShTH-WOtp4izAQADAgADeQADNgQ', 'application_id': 25} 
2025-03-11 21:48:18 - INFO - bot.dao.base:113 - add - Запись Photo успешно добавлена. 
2025-03-11 21:48:18 - INFO - bot.dao.base:108 - add - Добавление записи Video с параметрами: {'file_id': 'BAACAgIAAxkBAAIN_2fQhXGphqRzj0cmfXflfkG_MY_-AAIIcAACQ66JSldofKoTn3MAATYE', 'application_id': 25} 
2025-03-11 21:48:18 - INFO - bot.dao.base:113 - add - Запись Video успешно добавлена. 
2025-03-11 21:48:18 - INFO - bot.dao.base:108 - add - Добавление записи BankDebt с параметрами: {'bank_name': 'Это банк', 'total_amount': 333333.0, 'application_id': 25} 
2025-03-11 21:48:18 - INFO - bot.dao.base:113 - add - Запись BankDebt успешно добавлена. 
2025-03-11 21:48:18 - INFO - bot.dao.base:108 - add - Добавление записи BankDebt с параметрами: {'bank_name': 'Кккеее', 'total_amount': 444454.0, 'application_id': 25} 
2025-03-11 21:48:18 - INFO - bot.dao.base:113 - add - Запись BankDebt успешно добавлена. 
2025-03-11 21:48:18 - INFO - bot.application_form.router:687 - video_message - Заявка 25 успешно добавлена в базу данных. 
2025-03-11 21:48:29 - INFO - bot.dao.base:57 - find_one_or_none - Поиск одной записи User по фильтрам: {'telegram_id': 439653349} 
2025-03-11 21:48:29 - INFO - bot.dao.base:63 - find_one_or_none - Запись найдена по фильтрам: {'telegram_id': 439653349} 
2025-03-11 21:48:33 - DEBUG - bot.application_form.router:608 - video_message - Извлек ID видео - BAACAgIAAxkBAAIOCGfQhYDACbKGwWYQW01eNEIyWKGTAAK2bQACkgiASvQcq4lsXDnENgQ 
2025-03-11 21:48:33 - INFO - bot.dao.base:57 - find_one_or_none - Поиск одной записи User по фильтрам: {'telegram_id': 590137124} 
2025-03-11 21:48:33 - INFO - bot.dao.base:63 - find_one_or_none - Запись найдена по фильтрам: {'telegram_id': 590137124} 
2025-03-11 21:48:33 - INFO - bot.application_form.dao:48 - add - Добавление записи Application с параметрами: {'id': None, 'user_id': 42, 'status': <ApplicationStatus.PENDING: 'pending'>, 'created_at': None, 'updated_at': None} 
2025-03-11 21:48:33 - INFO - bot.application_form.dao:53 - add - Запись Application успешно добавлена. 
2025-03-11 21:48:33 - DEBUG - bot.application_form.router:635 - video_message - Создал заявку - 26 
2025-03-11 21:48:33 - INFO - bot.dao.base:108 - add - Добавление записи Photo с параметрами: {'file_id': 'AgACAgIAAxkBAAINSmfQgBoItzCW1pTKxJOqzGaHGXb3AAKF6TEbkgiASkapy4SAZyu6AQADAgADeQADNgQ', 'application_id': 26} 
2025-03-11 21:48:33 - INFO - bot.dao.base:113 - add - Запись Photo успешно добавлена. 
2025-03-11 21:48:33 - INFO - bot.dao.base:108 - add - Добавление записи Photo с параметрами: {'file_id': 'AgACAgIAAxkBAAIN6GfQhRarFzFU2DxLbdPS4XYAAU6FDQACp-kxG5IIgEp1D02I9YwV-gEAAwIAA20AAzYE', 'application_id': 26} 
2025-03-11 21:48:33 - INFO - bot.dao.base:113 - add - Запись Photo успешно добавлена. 
2025-03-11 21:48:33 - INFO - bot.dao.base:108 - add - Добавление записи Video с параметрами: {'file_id': 'BAACAgIAAxkBAAIOCGfQhYDACbKGwWYQW01eNEIyWKGTAAK2bQACkgiASvQcq4lsXDnENgQ', 'application_id': 26} 
2025-03-11 21:48:33 - INFO - bot.dao.base:113 - add - Запись Video успешно добавлена. 
2025-03-11 21:48:33 - INFO - bot.dao.base:108 - add - Добавление записи BankDebt с параметрами: {'bank_name': 'дор', 'total_amount': 78855.0, 'application_id': 26} 
2025-03-11 21:48:33 - INFO - bot.dao.base:113 - add - Запись BankDebt успешно добавлена. 
2025-03-11 21:48:33 - INFO - bot.dao.base:108 - add - Добавление записи BankDebt с параметрами: {'bank_name': 'ъхзхзхщхшзхшщ', 'total_amount': 45565645.0, 'application_id': 26} 
2025-03-11 21:48:33 - INFO - bot.dao.base:113 - add - Запись BankDebt успешно добавлена. 
2025-03-11 21:48:33 - INFO - bot.application_form.router:687 - video_message - Заявка 26 успешно добавлена в базу данных. 
2025-03-11 21:48:41 - INFO - bot.dao.base:57 - find_one_or_none - Поиск одной записи User по фильтрам: {'telegram_id': 590137124} 
2025-03-11 21:48:41 - INFO - bot.dao.base:63 - find_one_or_none - Запись найдена по фильтрам: {'telegram_id': 590137124} 
